#
# There is insufficient memory for the Java Runtime Environment to continue.
# Native memory allocation (mmap) failed to map 41943040 bytes for Failed to commit area from 0x000000008c600000 to 0x000000008ee00000 of length 41943040.
# Possible reasons:
#   The system is out of physical RAM or swap space
#   The process is running with CompressedOops enabled, and the Java Heap may be blocking the growth of the native heap
# Possible solutions:
#   Reduce memory load on the system
#   Increase physical memory or swap space
#   Check if swap backing store is full
#   Decrease Java heap size (-Xmx/-Xms)
#   Decrease number of Java threads
#   Decrease Java thread stack sizes (-Xss)
#   Set larger code cache with -XX:ReservedCodeCacheSize=
#   JVM is running with Unscaled Compressed Oops mode in which the Java heap is
#     placed in the first 4GB address space. The Java Heap base address is the
#     maximum limit for the native heap growth. Please use -XX:HeapBaseMinAddress
#     to set the Java Heap base and to place the Java Heap above 4GB virtual address.
# This output file may be truncated or incomplete.
#
#  Out of Memory Error (./src/hotspot/os/windows/os_windows.cpp:3521), pid=19268, tid=13356
#
# JRE version: OpenJDK Runtime Environment (11.0.12+7) (build 11.0.12+7-b1504.28-7817840)
# Java VM: OpenJDK 64-Bit Server VM (11.0.12+7-b1504.28-7817840, mixed mode, tiered, compressed oops, g1 gc, windows-amd64)
# No core dump will be written. Minidumps are not enabled by default on client versions of Windows
#

---------------  S U M M A R Y ------------

Command Line: --add-opens=java.base/java.util=ALL-UNNAMED --add-opens=java.base/java.lang=ALL-UNNAMED --add-opens=java.base/java.lang.invoke=ALL-UNNAMED --add-opens=java.base/java.util=ALL-UNNAMED --add-opens=java.prefs/java.util.prefs=ALL-UNNAMED --add-opens=java.prefs/java.util.prefs=ALL-UNNAMED --add-opens=java.base/java.nio.charset=ALL-UNNAMED --add-opens=java.base/java.net=ALL-UNNAMED --add-opens=java.base/java.util.concurrent.atomic=ALL-UNNAMED -Xmx2048m -Dfile.encoding=UTF-8 -Duser.country=BR -Duser.language=pt -Duser.variant org.gradle.launcher.daemon.bootstrap.GradleDaemon 7.3.3

Host: Intel(R) Core(TM) i7-3612QM CPU @ 2.10GHz, 8 cores, 7G,  Windows 10 , 64 bit Build 19041 (10.0.19041.1806)
Time: Fri Jul 29 19:59:30 2022 Hora oficial do Brasil elapsed time: 34.664470 seconds (0d 0h 0m 34s)

---------------  T H R E A D  ---------------

Current thread (0x0000019336b23000):  VMThread "VM Thread" [stack: 0x0000003d8f800000,0x0000003d8f900000] [id=13356]

Stack: [0x0000003d8f800000,0x0000003d8f900000]
[error occurred during error reporting (printing stack bounds), id 0xc0000005, EXCEPTION_ACCESS_VIOLATION (0xc0000005) at pc=0x000001931f9e112d]

Native frames: (J=compiled Java code, j=interpreted, Vv=VM code, C=native code)
V  [jvm.dll+0x5fbcea]
V  [jvm.dll+0x731905]
V  [jvm.dll+0x732f1d]
V  [jvm.dll+0x733535]
V  [jvm.dll+0x7334eb]
V  [jvm.dll+0x5fb080]
V  [jvm.dll+0x5fb818]
C  [ntdll.dll+0xa229f]
C  [ntdll.dll+0x51454]
C  [ntdll.dll+0xa0dce]
C  0x000001931f9e112d

VM_Operation (0x0000003d98ffe590): G1CollectForAllocation, mode: safepoint, requested by thread 0x000001933b88b000


---------------  P R O C E S S  ---------------

Threads class SMR info:
_java_thread_list=0x00000193415f7b80, length=151, elements={
0x000001931a705000, 0x0000019336b25800, 0x0000019336b29000, 0x00000193374d3800,
0x00000193374d4800, 0x00000193374d6800, 0x00000193374dd000, 0x0000019336b41800,
0x0000019336b5d000, 0x000001933762e000, 0x0000019337629800, 0x000001933762d800,
0x000001933762c800, 0x000001933762b000, 0x000001933762f000, 0x000001933762b800,
0x0000019337630000, 0x000001933762a000, 0x0000019339670800, 0x0000019339673000,
0x0000019339672000, 0x000001933966f800, 0x0000019339673800, 0x0000019339674800,
0x0000019339671000, 0x0000019339679800, 0x0000019339678800, 0x0000019339677000,
0x000001933967a000, 0x000001933967b000, 0x000001933967c000, 0x0000019339676000,
0x000001933ba72000, 0x000001933ba73000, 0x000001933ba73800, 0x000001933ba70800,
0x000001933ba6f800, 0x000001933ba6e800, 0x000001933ba6e000, 0x000001933ba7a000,
0x000001933ba74800, 0x000001933ba7b000, 0x000001933ba75000, 0x000001933ba79800,
0x000001933ba7c000, 0x000001933ba76000, 0x000001933ba7c800, 0x000001933ba77000,
0x000001933ba77800, 0x000001933ba78800, 0x000001933b5f7000, 0x000001933b5f8000,
0x000001933b5f9800, 0x000001933b5f8800, 0x000001933b5f5800, 0x000001933b5f6000,
0x000001933b5fa000, 0x000001933b5f4800, 0x000001933b601000, 0x000001933b5fe800,
0x000001933b5fc800, 0x000001933b5ff000, 0x000001933b600000, 0x000001933b5fc000,
0x000001933b5fb000, 0x000001933b602800, 0x000001933b601800, 0x000001933b603000,
0x000001933b5fd800, 0x000001933cdba800, 0x000001933cdb9000, 0x000001933cdb8800,
0x000001933cdbd000, 0x000001933cdba000, 0x000001933cdbb800, 0x000001933cdb7800,
0x000001933cdbf000, 0x000001933cdc1800, 0x000001933cdbc800, 0x000001933cdbf800,
0x000001933cdc0800, 0x000001933cdc3000, 0x000001933cdc2000, 0x000001933cdc3800,
0x000001933cdbe000, 0x000001933cdc6000, 0x000001933cdc4800, 0x000001933cdc5800,
0x000001933cbe6000, 0x000001933cbe7000, 0x000001933cbe1000, 0x000001933cbe2000,
0x000001933cbe2800, 0x000001933cbe3800, 0x000001933cbea000, 0x000001933cbe9000,
0x000001933cbe5000, 0x000001933cbe7800, 0x000001933cbe8800, 0x000001933cbe4800,
0x000001933cbeb000, 0x000001933cbeb800, 0x000001933cbef000, 0x000001933cbf0000,
0x000001933cbee000, 0x000001933cbec800, 0x000001933cbed800, 0x000001933b87f800,
0x000001933b87f000, 0x000001933b880800, 0x000001933b881800, 0x000001933b883000,
0x000001933b882000, 0x000001933b87d800, 0x000001933b884000, 0x000001933b87e000,
0x000001933b886800, 0x000001933b888800, 0x000001933b889800, 0x000001933b88a800,
0x000001933b884800, 0x000001933b887000, 0x000001933b885800, 0x000001933b88c000,
0x000001933966f000, 0x000001933e8d7800, 0x000001933e8da800, 0x000001933e8db800,
0x000001933e8d6800, 0x000001933e8dd000, 0x000001933e8de000, 0x000001933e8da000,
0x000001933e8dc800, 0x000001933e8d8000, 0x000001933e8e0800, 0x000001933e8e2000,
0x000001933e8e4800, 0x000001933e8e5800, 0x000001933e8e1000, 0x000001933e8e3000,
0x000001933e8d9000, 0x000001933e8e3800, 0x000001933b88b000, 0x000001933be5a000,
0x000001933be5b000, 0x000001933be5e800, 0x000001933be5c000, 0x000001933be5f000,
0x000001933be59800, 0x000001933be60000, 0x000001933be5d800
}

Java Threads: ( => current thread )
  0x000001931a705000 JavaThread "main" [_thread_blocked, id=8404, stack(0x0000003d8f200000,0x0000003d8f300000)]
  0x0000019336b25800 JavaThread "Reference Handler" daemon [_thread_blocked, id=5124, stack(0x0000003d8f900000,0x0000003d8fa00000)]
  0x0000019336b29000 JavaThread "Finalizer" daemon [_thread_blocked, id=16512, stack(0x0000003d8fa00000,0x0000003d8fb00000)]
  0x00000193374d3800 JavaThread "Signal Dispatcher" daemon [_thread_blocked, id=10320, stack(0x0000003d8fb00000,0x0000003d8fc00000)]
  0x00000193374d4800 JavaThread "Attach Listener" daemon [_thread_blocked, id=13460, stack(0x0000003d8fc00000,0x0000003d8fd00000)]
  0x00000193374d6800 JavaThread "Service Thread" daemon [_thread_blocked, id=16340, stack(0x0000003d8fd00000,0x0000003d8fe00000)]
  0x00000193374dd000 JavaThread "C2 CompilerThread0" daemon [_thread_blocked, id=18564, stack(0x0000003d8fe00000,0x0000003d8ff00000)]
  0x0000019336b41800 JavaThread "C1 CompilerThread0" daemon [_thread_blocked, id=19200, stack(0x0000003d8ff00000,0x0000003d90000000)]
  0x0000019336b5d000 JavaThread "Sweeper thread" daemon [_thread_blocked, id=2196, stack(0x0000003d90000000,0x0000003d90100000)]
  0x000001933762e000 JavaThread "Common-Cleaner" daemon [_thread_blocked, id=14196, stack(0x0000003d90100000,0x0000003d90200000)]
  0x0000019337629800 JavaThread "Daemon health stats" [_thread_blocked, id=20140, stack(0x0000003d90600000,0x0000003d90700000)]
  0x000001933762d800 JavaThread "Incoming local TCP Connector on port 1475" [_thread_in_native, id=16228, stack(0x0000003d90700000,0x0000003d90800000)]
  0x000001933762c800 JavaThread "Daemon periodic checks" [_thread_blocked, id=13932, stack(0x0000003d90800000,0x0000003d90900000)]
  0x000001933762b000 JavaThread "Daemon" [_thread_blocked, id=19356, stack(0x0000003d90900000,0x0000003d90a00000)]
  0x000001933762f000 JavaThread "Handler for socket connection from /127.0.0.1:1475 to /127.0.0.1:1476" [_thread_in_native, id=18064, stack(0x0000003d90a00000,0x0000003d90b00000)]
  0x000001933762b800 JavaThread "Cancel handler" [_thread_blocked, id=16136, stack(0x0000003d90b00000,0x0000003d90c00000)]
  0x0000019337630000 JavaThread "Daemon worker" [_thread_blocked, id=18604, stack(0x0000003d90c00000,0x0000003d90d00000)]
  0x000001933762a000 JavaThread "Asynchronous log dispatcher for DefaultDaemonConnection: socket connection from /127.0.0.1:1475 to /127.0.0.1:1476" [_thread_blocked, id=17288, stack(0x0000003d90d00000,0x0000003d90e00000)]
  0x0000019339670800 JavaThread "Stdin handler" [_thread_blocked, id=19852, stack(0x0000003d90e00000,0x0000003d90f00000)]
  0x0000019339673000 JavaThread "Daemon client event forwarder" [_thread_blocked, id=8932, stack(0x0000003d90f00000,0x0000003d91000000)]
  0x0000019339672000 JavaThread "Cache worker for journal cache (C:\Users\admin\.gradle\caches\journal-1)" [_thread_blocked, id=18176, stack(0x0000003d91000000,0x0000003d91100000)]
  0x000001933966f800 JavaThread "File lock request listener" [_thread_in_native, id=8080, stack(0x0000003d91100000,0x0000003d91200000)]
  0x0000019339673800 JavaThread "Cache worker for file hash cache (C:\Users\admin\.gradle\caches\7.3.3\fileHashes)" [_thread_blocked, id=7348, stack(0x0000003d91200000,0x0000003d91300000)]
  0x0000019339674800 JavaThread "Cache worker for file hash cache (C:\Users\admin\AndroidStudioProjects\MyApplication2\.gradle\7.3.3\fileHashes)" [_thread_blocked, id=10976, stack(0x0000003d91800000,0x0000003d91900000)]
  0x0000019339671000 JavaThread "File watcher server" daemon [_thread_blocked, id=16240, stack(0x0000003d91a00000,0x0000003d91b00000)]
  0x0000019339679800 JavaThread "File watcher consumer" daemon [_thread_blocked, id=17096, stack(0x0000003d91b00000,0x0000003d91c00000)]
  0x0000019339678800 JavaThread "Cache worker for checksums cache (C:\Users\admin\AndroidStudioProjects\MyApplication2\.gradle\7.3.3\checksums)" [_thread_blocked, id=19520, stack(0x0000003d91c00000,0x0000003d91d00000)]
  0x0000019339677000 JavaThread "Cache worker for cache directory md-supplier (C:\Users\admin\.gradle\caches\7.3.3\md-supplier)" [_thread_blocked, id=14368, stack(0x0000003d91d00000,0x0000003d91e00000)]
  0x000001933967a000 JavaThread "Cache worker for cache directory md-rule (C:\Users\admin\.gradle\caches\7.3.3\md-rule)" [_thread_blocked, id=7276, stack(0x0000003d91e00000,0x0000003d91f00000)]
  0x000001933967b000 JavaThread "Cache worker for execution history cache (C:\Users\admin\.gradle\caches\7.3.3\executionHistory)" [_thread_blocked, id=4200, stack(0x0000003d91f00000,0x0000003d92000000)]
  0x000001933967c000 JavaThread "jar transforms" [_thread_blocked, id=17792, stack(0x0000003d92000000,0x0000003d92100000)]
  0x0000019339676000 JavaThread "Cache worker for file content cache (C:\Users\admin\.gradle\caches\7.3.3\fileContent)" [_thread_blocked, id=10188, stack(0x0000003d92100000,0x0000003d92200000)]
  0x000001933ba72000 JavaThread "jar transforms Thread 2" [_thread_blocked, id=13684, stack(0x0000003d92200000,0x0000003d92300000)]
  0x000001933ba73000 JavaThread "Cache worker for dependencies-accessors (C:\Users\admin\AndroidStudioProjects\MyApplication2\.gradle\7.3.3\dependencies-accessors)" [_thread_blocked, id=9612, stack(0x0000003d92300000,0x0000003d92400000)]
  0x000001933ba73800 JavaThread "jar transforms Thread 3" [_thread_blocked, id=17888, stack(0x0000003d92400000,0x0000003d92500000)]
  0x000001933ba70800 JavaThread "Cache worker for Build Output Cleanup Cache (C:\Users\admin\AndroidStudioProjects\MyApplication2\.gradle\buildOutputCleanup)" [_thread_blocked, id=14360, stack(0x0000003d92500000,0x0000003d92600000)]
  0x000001933ba6f800 JavaThread "Unconstrained build operations" [_thread_blocked, id=11696, stack(0x0000003d92600000,0x0000003d92700000)]
  0x000001933ba6e800 JavaThread "Unconstrained build operations Thread 2" [_thread_blocked, id=16812, stack(0x0000003d92700000,0x0000003d92800000)]
  0x000001933ba6e000 JavaThread "Unconstrained build operations Thread 3" [_thread_blocked, id=15996, stack(0x0000003d92800000,0x0000003d92900000)]
  0x000001933ba7a000 JavaThread "Unconstrained build operations Thread 4" [_thread_blocked, id=19812, stack(0x0000003d92900000,0x0000003d92a00000)]
  0x000001933ba74800 JavaThread "Unconstrained build operations Thread 5" [_thread_blocked, id=1000, stack(0x0000003d92a00000,0x0000003d92b00000)]
  0x000001933ba7b000 JavaThread "Unconstrained build operations Thread 6" [_thread_blocked, id=9732, stack(0x0000003d92b00000,0x0000003d92c00000)]
  0x000001933ba75000 JavaThread "Unconstrained build operations Thread 7" [_thread_blocked, id=3448, stack(0x0000003d92c00000,0x0000003d92d00000)]
  0x000001933ba79800 JavaThread "Unconstrained build operations Thread 8" [_thread_blocked, id=2400, stack(0x0000003d92d00000,0x0000003d92e00000)]
  0x000001933ba7c000 JavaThread "Unconstrained build operations Thread 9" [_thread_blocked, id=17384, stack(0x0000003d92e00000,0x0000003d92f00000)]
  0x000001933ba76000 JavaThread "Unconstrained build operations Thread 10" [_thread_blocked, id=18632, stack(0x0000003d92f00000,0x0000003d93000000)]
  0x000001933ba7c800 JavaThread "Unconstrained build operations Thread 11" [_thread_blocked, id=14520, stack(0x0000003d93000000,0x0000003d93100000)]
  0x000001933ba77000 JavaThread "Unconstrained build operations Thread 12" [_thread_blocked, id=20356, stack(0x0000003d93100000,0x0000003d93200000)]
  0x000001933ba77800 JavaThread "Unconstrained build operations Thread 13" [_thread_blocked, id=18624, stack(0x0000003d93200000,0x0000003d93300000)]
  0x000001933ba78800 JavaThread "Unconstrained build operations Thread 14" [_thread_blocked, id=6440, stack(0x0000003d93300000,0x0000003d93400000)]
  0x000001933b5f7000 JavaThread "Unconstrained build operations Thread 15" [_thread_blocked, id=18172, stack(0x0000003d93400000,0x0000003d93500000)]
  0x000001933b5f8000 JavaThread "Unconstrained build operations Thread 16" [_thread_blocked, id=16636, stack(0x0000003d93500000,0x0000003d93600000)]
  0x000001933b5f9800 JavaThread "Unconstrained build operations Thread 17" [_thread_blocked, id=1616, stack(0x0000003d93600000,0x0000003d93700000)]
  0x000001933b5f8800 JavaThread "Unconstrained build operations Thread 18" [_thread_blocked, id=12640, stack(0x0000003d93700000,0x0000003d93800000)]
  0x000001933b5f5800 JavaThread "Unconstrained build operations Thread 19" [_thread_blocked, id=6740, stack(0x0000003d93800000,0x0000003d93900000)]
  0x000001933b5f6000 JavaThread "Unconstrained build operations Thread 20" [_thread_blocked, id=16020, stack(0x0000003d93900000,0x0000003d93a00000)]
  0x000001933b5fa000 JavaThread "Unconstrained build operations Thread 21" [_thread_blocked, id=17920, stack(0x0000003d93a00000,0x0000003d93b00000)]
  0x000001933b5f4800 JavaThread "Unconstrained build operations Thread 22" [_thread_blocked, id=15144, stack(0x0000003d93b00000,0x0000003d93c00000)]
  0x000001933b601000 JavaThread "Unconstrained build operations Thread 23" [_thread_blocked, id=12264, stack(0x0000003d93c00000,0x0000003d93d00000)]
  0x000001933b5fe800 JavaThread "Unconstrained build operations Thread 24" [_thread_blocked, id=16904, stack(0x0000003d93d00000,0x0000003d93e00000)]
  0x000001933b5fc800 JavaThread "Unconstrained build operations Thread 25" [_thread_blocked, id=12792, stack(0x0000003d93e00000,0x0000003d93f00000)]
  0x000001933b5ff000 JavaThread "Unconstrained build operations Thread 26" [_thread_blocked, id=16892, stack(0x0000003d93f00000,0x0000003d94000000)]
  0x000001933b600000 JavaThread "Unconstrained build operations Thread 27" [_thread_blocked, id=17500, stack(0x0000003d94000000,0x0000003d94100000)]
  0x000001933b5fc000 JavaThread "Unconstrained build operations Thread 28" [_thread_blocked, id=16524, stack(0x0000003d94100000,0x0000003d94200000)]
  0x000001933b5fb000 JavaThread "Unconstrained build operations Thread 29" [_thread_blocked, id=7092, stack(0x0000003d94200000,0x0000003d94300000)]
  0x000001933b602800 JavaThread "Unconstrained build operations Thread 30" [_thread_blocked, id=11480, stack(0x0000003d94300000,0x0000003d94400000)]
  0x000001933b601800 JavaThread "Unconstrained build operations Thread 31" [_thread_blocked, id=15776, stack(0x0000003d94400000,0x0000003d94500000)]
  0x000001933b603000 JavaThread "Unconstrained build operations Thread 32" [_thread_blocked, id=16888, stack(0x0000003d94500000,0x0000003d94600000)]
  0x000001933b5fd800 JavaThread "Unconstrained build operations Thread 33" [_thread_blocked, id=18992, stack(0x0000003d94600000,0x0000003d94700000)]
  0x000001933cdba800 JavaThread "Unconstrained build operations Thread 34" [_thread_blocked, id=16140, stack(0x0000003d94700000,0x0000003d94800000)]
  0x000001933cdb9000 JavaThread "Unconstrained build operations Thread 35" [_thread_blocked, id=16216, stack(0x0000003d94800000,0x0000003d94900000)]
  0x000001933cdb8800 JavaThread "Unconstrained build operations Thread 36" [_thread_blocked, id=7352, stack(0x0000003d94900000,0x0000003d94a00000)]
  0x000001933cdbd000 JavaThread "Unconstrained build operations Thread 37" [_thread_blocked, id=12304, stack(0x0000003d94a00000,0x0000003d94b00000)]
  0x000001933cdba000 JavaThread "Unconstrained build operations Thread 38" [_thread_blocked, id=13400, stack(0x0000003d94b00000,0x0000003d94c00000)]
  0x000001933cdbb800 JavaThread "Unconstrained build operations Thread 39" [_thread_blocked, id=12908, stack(0x0000003d94c00000,0x0000003d94d00000)]
  0x000001933cdb7800 JavaThread "Unconstrained build operations Thread 40" [_thread_blocked, id=12620, stack(0x0000003d94d00000,0x0000003d94e00000)]
  0x000001933cdbf000 JavaThread "Unconstrained build operations Thread 41" [_thread_blocked, id=14256, stack(0x0000003d94e00000,0x0000003d94f00000)]
  0x000001933cdc1800 JavaThread "Unconstrained build operations Thread 42" [_thread_blocked, id=17932, stack(0x0000003d94f00000,0x0000003d95000000)]
  0x000001933cdbc800 JavaThread "Unconstrained build operations Thread 43" [_thread_blocked, id=13744, stack(0x0000003d95000000,0x0000003d95100000)]
  0x000001933cdbf800 JavaThread "Unconstrained build operations Thread 44" [_thread_blocked, id=8644, stack(0x0000003d95100000,0x0000003d95200000)]
  0x000001933cdc0800 JavaThread "Unconstrained build operations Thread 45" [_thread_blocked, id=16348, stack(0x0000003d95200000,0x0000003d95300000)]
  0x000001933cdc3000 JavaThread "Unconstrained build operations Thread 46" [_thread_blocked, id=10916, stack(0x0000003d95300000,0x0000003d95400000)]
  0x000001933cdc2000 JavaThread "Unconstrained build operations Thread 47" [_thread_blocked, id=14296, stack(0x0000003d95400000,0x0000003d95500000)]
  0x000001933cdc3800 JavaThread "Unconstrained build operations Thread 48" [_thread_blocked, id=13560, stack(0x0000003d95500000,0x0000003d95600000)]
  0x000001933cdbe000 JavaThread "Unconstrained build operations Thread 49" [_thread_blocked, id=8480, stack(0x0000003d95600000,0x0000003d95700000)]
  0x000001933cdc6000 JavaThread "Unconstrained build operations Thread 50" [_thread_blocked, id=4508, stack(0x0000003d95700000,0x0000003d95800000)]
  0x000001933cdc4800 JavaThread "Unconstrained build operations Thread 51" [_thread_blocked, id=1716, stack(0x0000003d95800000,0x0000003d95900000)]
  0x000001933cdc5800 JavaThread "Unconstrained build operations Thread 52" [_thread_blocked, id=14528, stack(0x0000003d95900000,0x0000003d95a00000)]
  0x000001933cbe6000 JavaThread "Unconstrained build operations Thread 53" [_thread_blocked, id=17340, stack(0x0000003d95a00000,0x0000003d95b00000)]
  0x000001933cbe7000 JavaThread "Unconstrained build operations Thread 54" [_thread_blocked, id=16956, stack(0x0000003d95b00000,0x0000003d95c00000)]
  0x000001933cbe1000 JavaThread "Unconstrained build operations Thread 55" [_thread_blocked, id=10676, stack(0x0000003d95c00000,0x0000003d95d00000)]
  0x000001933cbe2000 JavaThread "Unconstrained build operations Thread 56" [_thread_blocked, id=6056, stack(0x0000003d95d00000,0x0000003d95e00000)]
  0x000001933cbe2800 JavaThread "Unconstrained build operations Thread 57" [_thread_blocked, id=18892, stack(0x0000003d95e00000,0x0000003d95f00000)]
  0x000001933cbe3800 JavaThread "Unconstrained build operations Thread 58" [_thread_blocked, id=18168, stack(0x0000003d95f00000,0x0000003d96000000)]
  0x000001933cbea000 JavaThread "Unconstrained build operations Thread 59" [_thread_blocked, id=12644, stack(0x0000003d96000000,0x0000003d96100000)]
  0x000001933cbe9000 JavaThread "Unconstrained build operations Thread 60" [_thread_blocked, id=5412, stack(0x0000003d96100000,0x0000003d96200000)]
  0x000001933cbe5000 JavaThread "Unconstrained build operations Thread 61" [_thread_blocked, id=18036, stack(0x0000003d96200000,0x0000003d96300000)]
  0x000001933cbe7800 JavaThread "Unconstrained build operations Thread 62" [_thread_blocked, id=612, stack(0x0000003d96300000,0x0000003d96400000)]
  0x000001933cbe8800 JavaThread "Unconstrained build operations Thread 63" [_thread_blocked, id=4196, stack(0x0000003d96400000,0x0000003d96500000)]
  0x000001933cbe4800 JavaThread "Unconstrained build operations Thread 64" [_thread_blocked, id=19836, stack(0x0000003d96500000,0x0000003d96600000)]
  0x000001933cbeb000 JavaThread "Unconstrained build operations Thread 65" [_thread_blocked, id=12436, stack(0x0000003d96600000,0x0000003d96700000)]
  0x000001933cbeb800 JavaThread "Unconstrained build operations Thread 66" [_thread_blocked, id=14192, stack(0x0000003d96700000,0x0000003d96800000)]
  0x000001933cbef000 JavaThread "Unconstrained build operations Thread 67" [_thread_blocked, id=19152, stack(0x0000003d96800000,0x0000003d96900000)]
  0x000001933cbf0000 JavaThread "Unconstrained build operations Thread 68" [_thread_blocked, id=18160, stack(0x0000003d96900000,0x0000003d96a00000)]
  0x000001933cbee000 JavaThread "Unconstrained build operations Thread 69" [_thread_blocked, id=4532, stack(0x0000003d96a00000,0x0000003d96b00000)]
  0x000001933cbec800 JavaThread "Unconstrained build operations Thread 70" [_thread_blocked, id=9312, stack(0x0000003d96b00000,0x0000003d96c00000)]
  0x000001933cbed800 JavaThread "Unconstrained build operations Thread 71" [_thread_blocked, id=11804, stack(0x0000003d96c00000,0x0000003d96d00000)]
  0x000001933b87f800 JavaThread "Unconstrained build operations Thread 72" [_thread_blocked, id=14868, stack(0x0000003d96d00000,0x0000003d96e00000)]
  0x000001933b87f000 JavaThread "Unconstrained build operations Thread 73" [_thread_blocked, id=20360, stack(0x0000003d96e00000,0x0000003d96f00000)]
  0x000001933b880800 JavaThread "Unconstrained build operations Thread 74" [_thread_blocked, id=19632, stack(0x0000003d96f00000,0x0000003d97000000)]
  0x000001933b881800 JavaThread "Unconstrained build operations Thread 75" [_thread_blocked, id=19592, stack(0x0000003d97000000,0x0000003d97100000)]
  0x000001933b883000 JavaThread "Unconstrained build operations Thread 76" [_thread_blocked, id=7076, stack(0x0000003d97100000,0x0000003d97200000)]
  0x000001933b882000 JavaThread "Unconstrained build operations Thread 77" [_thread_blocked, id=7380, stack(0x0000003d97200000,0x0000003d97300000)]
  0x000001933b87d800 JavaThread "Unconstrained build operations Thread 78" [_thread_blocked, id=11588, stack(0x0000003d97300000,0x0000003d97400000)]
  0x000001933b884000 JavaThread "Unconstrained build operations Thread 79" [_thread_blocked, id=18324, stack(0x0000003d97400000,0x0000003d97500000)]
  0x000001933b87e000 JavaThread "Unconstrained build operations Thread 80" [_thread_blocked, id=19724, stack(0x0000003d97500000,0x0000003d97600000)]
  0x000001933b886800 JavaThread "jar transforms Thread 4" [_thread_blocked, id=5536, stack(0x0000003d91900000,0x0000003d91a00000)]
  0x000001933b888800 JavaThread "jar transforms Thread 5" [_thread_blocked, id=19896, stack(0x0000003d97600000,0x0000003d97700000)]
  0x000001933b889800 JavaThread "jar transforms Thread 6" [_thread_blocked, id=8964, stack(0x0000003d97700000,0x0000003d97800000)]
  0x000001933b88a800 JavaThread "jar transforms Thread 7" [_thread_blocked, id=17448, stack(0x0000003d97800000,0x0000003d97900000)]
  0x000001933b884800 JavaThread "jar transforms Thread 8" [_thread_blocked, id=7188, stack(0x0000003d97900000,0x0000003d97a00000)]
  0x000001933b887000 JavaThread "Memory manager" [_thread_blocked, id=16824, stack(0x0000003d97b00000,0x0000003d97c00000)]
  0x000001933b885800 JavaThread "build event listener" [_thread_blocked, id=17440, stack(0x0000003d97c00000,0x0000003d97d00000)]
  0x000001933b88c000 JavaThread "Execution worker for ':'" [_thread_blocked, id=14072, stack(0x0000003d97d00000,0x0000003d97e00000)]
  0x000001933966f000 JavaThread "Execution worker for ':' Thread 2" [_thread_blocked, id=19408, stack(0x0000003d97e00000,0x0000003d97f00000)]
  0x000001933e8d7800 JavaThread "Execution worker for ':' Thread 3" [_thread_blocked, id=17424, stack(0x0000003d97f00000,0x0000003d98000000)]
  0x000001933e8da800 JavaThread "Execution worker for ':' Thread 4" [_thread_blocked, id=18580, stack(0x0000003d98000000,0x0000003d98100000)]
  0x000001933e8db800 JavaThread "Execution worker for ':' Thread 5" [_thread_blocked, id=6744, stack(0x0000003d98100000,0x0000003d98200000)]
  0x000001933e8d6800 JavaThread "Execution worker for ':' Thread 6" [_thread_blocked, id=1680, stack(0x0000003d98200000,0x0000003d98300000)]
  0x000001933e8dd000 JavaThread "Execution worker for ':' Thread 7" [_thread_blocked, id=8772, stack(0x0000003d98300000,0x0000003d98400000)]
  0x000001933e8de000 JavaThread "Cache worker for execution history cache (C:\Users\admin\AndroidStudioProjects\MyApplication2\.gradle\7.3.3\executionHistory)" [_thread_blocked, id=16756, stack(0x0000003d98400000,0x0000003d98500000)]
  0x000001933e8da000 JavaThread "WorkerExecutor Queue" [_thread_blocked, id=12120, stack(0x0000003d98500000,0x0000003d98600000)]
  0x000001933e8dc800 JavaThread "WorkerExecutor Queue Thread 2" [_thread_blocked, id=8960, stack(0x0000003d97a00000,0x0000003d97b00000)]
  0x000001933e8d8000 JavaThread "WorkerExecutor Queue Thread 3" [_thread_blocked, id=2656, stack(0x0000003d98600000,0x0000003d98700000)]
  0x000001933e8e0800 JavaThread "WorkerExecutor Queue Thread 4" [_thread_blocked, id=7096, stack(0x0000003d98800000,0x0000003d98900000)]
  0x000001933e8e2000 JavaThread "pool-3-thread-1" [_thread_blocked, id=18048, stack(0x0000003d98900000,0x0000003d98a00000)]
  0x000001933e8e4800 JavaThread "stderr" [_thread_in_native, id=12896, stack(0x0000003d98a00000,0x0000003d98b00000)]
  0x000001933e8e5800 JavaThread "stdout" [_thread_in_native, id=6224, stack(0x0000003d98b00000,0x0000003d98c00000)]
  0x000001933e8e1000 JavaThread "WorkerExecutor Queue Thread 5" [_thread_blocked, id=17372, stack(0x0000003d98c00000,0x0000003d98d00000)]
  0x000001933e8e3000 JavaThread "WorkerExecutor Queue Thread 6" [_thread_blocked, id=15816, stack(0x0000003d98d00000,0x0000003d98e00000)]
  0x000001933e8d9000 JavaThread "C2 CompilerThread1" daemon [_thread_blocked, id=17260, stack(0x0000003d98700000,0x0000003d98800000)]
  0x000001933e8e3800 JavaThread "ForkJoinPool-1-worker-3" daemon [_thread_blocked, id=18788, stack(0x0000003d98e00000,0x0000003d98f00000)]
  0x000001933b88b000 JavaThread "ForkJoinPool-1-worker-5" daemon [_thread_blocked, id=16988, stack(0x0000003d98f00000,0x0000003d99000000)]
  0x000001933be5a000 JavaThread "ForkJoinPool-1-worker-7" daemon [_thread_blocked, id=15544, stack(0x0000003d99000000,0x0000003d99100000)]
  0x000001933be5b000 JavaThread "ForkJoinPool-1-worker-9" daemon [_thread_blocked, id=16508, stack(0x0000003d99100000,0x0000003d99200000)]
  0x000001933be5e800 JavaThread "ForkJoinPool-1-worker-11" daemon [_thread_blocked, id=13764, stack(0x0000003d99200000,0x0000003d99300000)]
  0x000001933be5c000 JavaThread "ForkJoinPool-1-worker-13" daemon [_thread_blocked, id=3664, stack(0x0000003d99300000,0x0000003d99400000)]
  0x000001933be5f000 JavaThread "ForkJoinPool-1-worker-15" daemon [_thread_blocked, id=13040, stack(0x0000003d99400000,0x0000003d99500000)]
  0x000001933be59800 JavaThread "ForkJoinPool-1-worker-1" daemon [_thread_blocked, id=17580, stack(0x0000003d99500000,0x0000003d99600000)]
  0x000001933be60000 JavaThread "RMI Scheduler(0)" daemon [_thread_blocked, id=5736, stack(0x0000003d8ef00000,0x0000003d8f000000)]
  0x000001933be5d800 JavaThread "RMI RenewClean-[127.0.0.1:17664,org.jetbrains.kotlin.daemon.common.LoopbackNetworkInterface$ClientLoopbackSocketFactory@1fe5191]" daemon [_thread_blocked, id=4048, stack(0x0000003d99600000,0x0000003d99700000)]

Other Threads:
=>0x0000019336b23000 VMThread "VM Thread" [stack: 0x0000003d8f800000,0x0000003d8f900000] [id=13356]
  0x000001933764c000 WatcherThread [stack: 0x0000003d90200000,0x0000003d90300000] [id=4984]
  0x000001931a71c800 GCTaskThread "GC Thread#0" [stack: 0x0000003d8f300000,0x0000003d8f400000] [id=17232]
  0x000001933822b800 GCTaskThread "GC Thread#1" [stack: 0x0000003d90300000,0x0000003d90400000] [id=3512]
  0x0000019338281800 GCTaskThread "GC Thread#2" [stack: 0x0000003d90400000,0x0000003d90500000] [id=8492]
  0x0000019338e8b800 GCTaskThread "GC Thread#3" [stack: 0x0000003d90500000,0x0000003d90600000] [id=15444]
  0x000001933819b000 GCTaskThread "GC Thread#4" [stack: 0x0000003d91300000,0x0000003d91400000] [id=2972]
  0x000001933784d000 GCTaskThread "GC Thread#5" [stack: 0x0000003d91400000,0x0000003d91500000] [id=8620]
  0x000001933966d800 GCTaskThread "GC Thread#6" [stack: 0x0000003d91500000,0x0000003d91600000] [id=5872]
  0x000001933966e000 GCTaskThread "GC Thread#7" [stack: 0x0000003d91600000,0x0000003d91700000] [id=18884]
  0x000001931a752000 ConcurrentGCThread "G1 Main Marker" [stack: 0x0000003d8f400000,0x0000003d8f500000] [id=20256]
  0x000001931a753000 ConcurrentGCThread "G1 Conc#0" [stack: 0x0000003d8f500000,0x0000003d8f600000] [id=16196]
  0x000001933827c800 ConcurrentGCThread "G1 Conc#1" [stack: 0x0000003d91700000,0x0000003d91800000] [id=20172]
  0x0000019336974800 ConcurrentGCThread "G1 Refine#0" [stack: 0x0000003d8f600000,0x0000003d8f700000] [id=14824]
  0x000001931a7dd800 ConcurrentGCThread "G1 Young RemSet Sampling" [stack: 0x0000003d8f700000,0x0000003d8f800000] [id=18944]

Threads with active compile tasks:
C2 CompilerThread0  34897 13521   !   4       com.android.tools.r8.graph.d1::h0 (125 bytes)
C1 CompilerThread0  34898 13504       2       java.lang.invoke.ClassSpecializer::className (33 bytes)
C2 CompilerThread1  34899 13205       4       com.android.tools.r8.code.y1::a (4129 bytes)

VM state:at safepoint (normal execution)

VM Mutex/Monitor currently owned by a thread:  ([mutex/lock_event])
[0x000001931a7017d0] Threads_lock - owner thread: 0x0000019336b23000
[0x000001931a700270] Heap_lock - owner thread: 0x000001933b88b000

Heap address: 0x0000000080000000, size: 2048 MB, Compressed Oops mode: 32-bit
Narrow klass base: 0x0000000000000000, Narrow klass shift: 3
Compressed class space size: 1073741824 Address: 0x0000000100000000

Heap:
 garbage-first heap   total 243712K, used 167066K [0x0000000080000000, 0x0000000100000000)
  region size 1024K, 2 young (2048K), 2 survivors (2048K)
 Metaspace       used 105411K, capacity 108003K, committed 108204K, reserved 1142784K
  class space    used 13810K, capacity 14772K, committed 14848K, reserved 1048576K
Heap Regions: E=young(eden), S=young(survivor), O=old, HS=humongous(starts), HC=humongous(continues), CS=collection set, F=free, A=archive, TAMS=top-at-mark-start (previous, next)
|   0|0x0000000080000000, 0x0000000080100000, 0x0000000080100000|100%| O|  |TAMS 0x0000000080100000, 0x0000000080100000| Untracked 
|   1|0x0000000080100000, 0x0000000080200000, 0x0000000080200000|100%| O|  |TAMS 0x0000000080200000, 0x0000000080200000| Untracked 
|   2|0x0000000080200000, 0x0000000080300000, 0x0000000080300000|100%| O|  |TAMS 0x0000000080300000, 0x0000000080300000| Untracked 
|   3|0x0000000080300000, 0x0000000080400000, 0x0000000080400000|100%|HS|  |TAMS 0x0000000080400000, 0x0000000080400000| Complete 
|   4|0x0000000080400000, 0x0000000080500000, 0x0000000080500000|100%|HC|  |TAMS 0x0000000080500000, 0x0000000080500000| Complete 
|   5|0x0000000080500000, 0x0000000080600000, 0x0000000080600000|100%|HC|  |TAMS 0x0000000080600000, 0x0000000080600000| Complete 
|   6|0x0000000080600000, 0x0000000080700000, 0x0000000080700000|100%| O|  |TAMS 0x0000000080700000, 0x0000000080700000| Untracked 
|   7|0x0000000080700000, 0x0000000080800000, 0x0000000080800000|100%| O|  |TAMS 0x0000000080800000, 0x0000000080800000| Untracked 
|   8|0x0000000080800000, 0x0000000080900000, 0x0000000080900000|100%| O|  |TAMS 0x0000000080900000, 0x0000000080900000| Untracked 
|   9|0x0000000080900000, 0x0000000080a00000, 0x0000000080a00000|100%| O|  |TAMS 0x0000000080a00000, 0x0000000080a00000| Untracked 
|  10|0x0000000080a00000, 0x0000000080b00000, 0x0000000080b00000|100%| O|  |TAMS 0x0000000080b00000, 0x0000000080b00000| Untracked 
|  11|0x0000000080b00000, 0x0000000080c00000, 0x0000000080c00000|100%| O|  |TAMS 0x0000000080c00000, 0x0000000080c00000| Untracked 
|  12|0x0000000080c00000, 0x0000000080d00000, 0x0000000080d00000|100%| O|  |TAMS 0x0000000080d00000, 0x0000000080d00000| Untracked 
|  13|0x0000000080d00000, 0x0000000080e00000, 0x0000000080e00000|100%| O|  |TAMS 0x0000000080e00000, 0x0000000080e00000| Untracked 
|  14|0x0000000080e00000, 0x0000000080f00000, 0x0000000080f00000|100%| O|  |TAMS 0x0000000080f00000, 0x0000000080f00000| Untracked 
|  15|0x0000000080f00000, 0x0000000081000000, 0x0000000081000000|100%|HS|  |TAMS 0x0000000081000000, 0x0000000081000000| Complete 
|  16|0x0000000081000000, 0x0000000081100000, 0x0000000081100000|100%| O|  |TAMS 0x0000000081100000, 0x0000000081100000| Untracked 
|  17|0x0000000081100000, 0x0000000081200000, 0x0000000081200000|100%| O|  |TAMS 0x0000000081200000, 0x0000000081200000| Untracked 
|  18|0x0000000081200000, 0x0000000081300000, 0x0000000081300000|100%| O|  |TAMS 0x0000000081300000, 0x0000000081300000| Untracked 
|  19|0x0000000081300000, 0x0000000081400000, 0x0000000081400000|100%| O|  |TAMS 0x0000000081400000, 0x0000000081400000| Untracked 
|  20|0x0000000081400000, 0x0000000081500000, 0x0000000081500000|100%| O|  |TAMS 0x0000000081500000, 0x0000000081500000| Untracked 
|  21|0x0000000081500000, 0x0000000081600000, 0x0000000081600000|100%| O|  |TAMS 0x0000000081600000, 0x0000000081600000| Untracked 
|  22|0x0000000081600000, 0x0000000081700000, 0x0000000081700000|100%| O|  |TAMS 0x0000000081700000, 0x0000000081700000| Untracked 
|  23|0x0000000081700000, 0x0000000081800000, 0x0000000081800000|100%| O|  |TAMS 0x0000000081800000, 0x0000000081800000| Untracked 
|  24|0x0000000081800000, 0x0000000081900000, 0x0000000081900000|100%| O|  |TAMS 0x0000000081900000, 0x0000000081900000| Untracked 
|  25|0x0000000081900000, 0x0000000081a00000, 0x0000000081a00000|100%| O|  |TAMS 0x0000000081a00000, 0x0000000081a00000| Untracked 
|  26|0x0000000081a00000, 0x0000000081b00000, 0x0000000081b00000|100%| O|  |TAMS 0x0000000081b00000, 0x0000000081b00000| Untracked 
|  27|0x0000000081b00000, 0x0000000081c00000, 0x0000000081c00000|100%|HS|  |TAMS 0x0000000081c00000, 0x0000000081c00000| Complete 
|  28|0x0000000081c00000, 0x0000000081d00000, 0x0000000081d00000|100%|HS|  |TAMS 0x0000000081d00000, 0x0000000081d00000| Complete 
|  29|0x0000000081d00000, 0x0000000081e00000, 0x0000000081e00000|100%|HS|  |TAMS 0x0000000081e00000, 0x0000000081e00000| Complete 
|  30|0x0000000081e00000, 0x0000000081f00000, 0x0000000081f00000|100%|HC|  |TAMS 0x0000000081f00000, 0x0000000081f00000| Complete 
|  31|0x0000000081f00000, 0x0000000082000000, 0x0000000082000000|100%|HC|  |TAMS 0x0000000082000000, 0x0000000082000000| Complete 
|  32|0x0000000082000000, 0x0000000082100000, 0x0000000082100000|100%|HS|  |TAMS 0x0000000082100000, 0x0000000082100000| Complete 
|  33|0x0000000082100000, 0x0000000082200000, 0x0000000082200000|100%|HC|  |TAMS 0x0000000082200000, 0x0000000082200000| Complete 
|  34|0x0000000082200000, 0x0000000082300000, 0x0000000082300000|100%| O|  |TAMS 0x0000000082300000, 0x0000000082300000| Untracked 
|  35|0x0000000082300000, 0x0000000082400000, 0x0000000082400000|100%| O|  |TAMS 0x0000000082400000, 0x0000000082400000| Untracked 
|  36|0x0000000082400000, 0x0000000082500000, 0x0000000082500000|100%| O|  |TAMS 0x0000000082500000, 0x0000000082500000| Untracked 
|  37|0x0000000082500000, 0x0000000082600000, 0x0000000082600000|100%| O|  |TAMS 0x0000000082600000, 0x0000000082600000| Untracked 
|  38|0x0000000082600000, 0x0000000082700000, 0x0000000082700000|100%| O|  |TAMS 0x0000000082700000, 0x0000000082700000| Untracked 
|  39|0x0000000082700000, 0x0000000082800000, 0x0000000082800000|100%| O|  |TAMS 0x0000000082800000, 0x0000000082800000| Untracked 
|  40|0x0000000082800000, 0x0000000082900000, 0x0000000082900000|100%| O|  |TAMS 0x0000000082900000, 0x0000000082900000| Untracked 
|  41|0x0000000082900000, 0x0000000082a00000, 0x0000000082a00000|100%| O|  |TAMS 0x0000000082a00000, 0x0000000082a00000| Untracked 
|  42|0x0000000082a00000, 0x0000000082b00000, 0x0000000082b00000|100%| O|  |TAMS 0x0000000082b00000, 0x0000000082b00000| Untracked 
|  43|0x0000000082b00000, 0x0000000082c00000, 0x0000000082c00000|100%| O|  |TAMS 0x0000000082c00000, 0x0000000082c00000| Untracked 
|  44|0x0000000082c00000, 0x0000000082d00000, 0x0000000082d00000|100%| O|  |TAMS 0x0000000082d00000, 0x0000000082d00000| Untracked 
|  45|0x0000000082d00000, 0x0000000082e00000, 0x0000000082e00000|100%| O|  |TAMS 0x0000000082e00000, 0x0000000082e00000| Untracked 
|  46|0x0000000082e00000, 0x0000000082f00000, 0x0000000082f00000|100%| O|  |TAMS 0x0000000082f00000, 0x0000000082f00000| Untracked 
|  47|0x0000000082f00000, 0x0000000083000000, 0x0000000083000000|100%| O|  |TAMS 0x0000000083000000, 0x0000000083000000| Untracked 
|  48|0x0000000083000000, 0x0000000083100000, 0x0000000083100000|100%| O|  |TAMS 0x0000000083100000, 0x0000000083100000| Untracked 
|  49|0x0000000083100000, 0x0000000083200000, 0x0000000083200000|100%| O|  |TAMS 0x0000000083200000, 0x0000000083200000| Untracked 
|  50|0x0000000083200000, 0x0000000083300000, 0x0000000083300000|100%| O|  |TAMS 0x0000000083300000, 0x0000000083300000| Untracked 
|  51|0x0000000083300000, 0x0000000083400000, 0x0000000083400000|100%| O|  |TAMS 0x0000000083400000, 0x0000000083400000| Untracked 
|  52|0x0000000083400000, 0x0000000083500000, 0x0000000083500000|100%| O|  |TAMS 0x0000000083500000, 0x0000000083500000| Untracked 
|  53|0x0000000083500000, 0x0000000083600000, 0x0000000083600000|100%| O|  |TAMS 0x0000000083600000, 0x0000000083600000| Untracked 
|  54|0x0000000083600000, 0x0000000083700000, 0x0000000083700000|100%| O|  |TAMS 0x0000000083700000, 0x0000000083700000| Untracked 
|  55|0x0000000083700000, 0x0000000083800000, 0x0000000083800000|100%| O|  |TAMS 0x0000000083800000, 0x0000000083800000| Untracked 
|  56|0x0000000083800000, 0x0000000083900000, 0x0000000083900000|100%| O|  |TAMS 0x0000000083900000, 0x0000000083900000| Untracked 
|  57|0x0000000083900000, 0x0000000083a00000, 0x0000000083a00000|100%| O|  |TAMS 0x0000000083a00000, 0x0000000083a00000| Untracked 
|  58|0x0000000083a00000, 0x0000000083b00000, 0x0000000083b00000|100%| O|  |TAMS 0x0000000083b00000, 0x0000000083b00000| Untracked 
|  59|0x0000000083b00000, 0x0000000083c00000, 0x0000000083c00000|100%| O|  |TAMS 0x0000000083c00000, 0x0000000083c00000| Untracked 
|  60|0x0000000083c00000, 0x0000000083d00000, 0x0000000083d00000|100%| O|  |TAMS 0x0000000083d00000, 0x0000000083d00000| Untracked 
|  61|0x0000000083d00000, 0x0000000083e00000, 0x0000000083e00000|100%| O|  |TAMS 0x0000000083e00000, 0x0000000083e00000| Untracked 
|  62|0x0000000083e00000, 0x0000000083f00000, 0x0000000083f00000|100%| O|  |TAMS 0x0000000083f00000, 0x0000000083f00000| Untracked 
|  63|0x0000000083f00000, 0x0000000084000000, 0x0000000084000000|100%| O|  |TAMS 0x0000000084000000, 0x0000000084000000| Untracked 
|  64|0x0000000084000000, 0x0000000084100000, 0x0000000084100000|100%| O|  |TAMS 0x0000000084100000, 0x0000000084100000| Untracked 
|  65|0x0000000084100000, 0x0000000084200000, 0x0000000084200000|100%| O|  |TAMS 0x0000000084200000, 0x0000000084200000| Untracked 
|  66|0x0000000084200000, 0x0000000084300000, 0x0000000084300000|100%| O|  |TAMS 0x0000000084300000, 0x0000000084300000| Untracked 
|  67|0x0000000084300000, 0x0000000084400000, 0x0000000084400000|100%| O|  |TAMS 0x0000000084400000, 0x0000000084400000| Untracked 
|  68|0x0000000084400000, 0x0000000084500000, 0x0000000084500000|100%| O|  |TAMS 0x0000000084500000, 0x0000000084500000| Untracked 
|  69|0x0000000084500000, 0x0000000084600000, 0x0000000084600000|100%| O|  |TAMS 0x0000000084600000, 0x0000000084600000| Untracked 
|  70|0x0000000084600000, 0x0000000084700000, 0x0000000084700000|100%| O|  |TAMS 0x0000000084700000, 0x0000000084700000| Untracked 
|  71|0x0000000084700000, 0x0000000084800000, 0x0000000084800000|100%| O|  |TAMS 0x0000000084800000, 0x0000000084800000| Untracked 
|  72|0x0000000084800000, 0x0000000084900000, 0x0000000084900000|100%| O|  |TAMS 0x0000000084900000, 0x0000000084900000| Untracked 
|  73|0x0000000084900000, 0x0000000084a00000, 0x0000000084a00000|100%| O|  |TAMS 0x0000000084a00000, 0x0000000084a00000| Untracked 
|  74|0x0000000084a00000, 0x0000000084b00000, 0x0000000084b00000|100%| O|  |TAMS 0x0000000084b00000, 0x0000000084b00000| Untracked 
|  75|0x0000000084b00000, 0x0000000084c00000, 0x0000000084c00000|100%| O|  |TAMS 0x0000000084c00000, 0x0000000084c00000| Untracked 
|  76|0x0000000084c00000, 0x0000000084d00000, 0x0000000084d00000|100%| O|  |TAMS 0x0000000084d00000, 0x0000000084d00000| Untracked 
|  77|0x0000000084d00000, 0x0000000084e00000, 0x0000000084e00000|100%| O|  |TAMS 0x0000000084e00000, 0x0000000084e00000| Untracked 
|  78|0x0000000084e00000, 0x0000000084f00000, 0x0000000084f00000|100%| O|  |TAMS 0x0000000084f00000, 0x0000000084f00000| Untracked 
|  79|0x0000000084f00000, 0x0000000085000000, 0x0000000085000000|100%| O|  |TAMS 0x0000000085000000, 0x0000000085000000| Untracked 
|  80|0x0000000085000000, 0x0000000085100000, 0x0000000085100000|100%| O|  |TAMS 0x0000000085100000, 0x0000000085100000| Untracked 
|  81|0x0000000085100000, 0x0000000085200000, 0x0000000085200000|100%| O|  |TAMS 0x0000000085200000, 0x0000000085200000| Untracked 
|  82|0x0000000085200000, 0x0000000085300000, 0x0000000085300000|100%| O|  |TAMS 0x0000000085300000, 0x0000000085300000| Untracked 
|  83|0x0000000085300000, 0x0000000085400000, 0x0000000085400000|100%| O|  |TAMS 0x0000000085400000, 0x0000000085400000| Untracked 
|  84|0x0000000085400000, 0x0000000085500000, 0x0000000085500000|100%| O|  |TAMS 0x0000000085500000, 0x0000000085500000| Untracked 
|  85|0x0000000085500000, 0x0000000085600000, 0x0000000085600000|100%| O|  |TAMS 0x0000000085600000, 0x0000000085600000| Untracked 
|  86|0x0000000085600000, 0x0000000085700000, 0x0000000085700000|100%| O|  |TAMS 0x0000000085700000, 0x0000000085700000| Untracked 
|  87|0x0000000085700000, 0x0000000085800000, 0x0000000085800000|100%| O|  |TAMS 0x0000000085800000, 0x0000000085800000| Untracked 
|  88|0x0000000085800000, 0x0000000085900000, 0x0000000085900000|100%| O|  |TAMS 0x0000000085900000, 0x0000000085900000| Untracked 
|  89|0x0000000085900000, 0x0000000085a00000, 0x0000000085a00000|100%| O|  |TAMS 0x0000000085a00000, 0x0000000085a00000| Untracked 
|  90|0x0000000085a00000, 0x0000000085b00000, 0x0000000085b00000|100%|HS|  |TAMS 0x0000000085b00000, 0x0000000085b00000| Complete 
|  91|0x0000000085b00000, 0x0000000085c00000, 0x0000000085c00000|100%|HC|  |TAMS 0x0000000085c00000, 0x0000000085c00000| Complete 
|  92|0x0000000085c00000, 0x0000000085d00000, 0x0000000085d00000|100%|HS|  |TAMS 0x0000000085d00000, 0x0000000085d00000| Complete 
|  93|0x0000000085d00000, 0x0000000085e00000, 0x0000000085e00000|100%|HS|  |TAMS 0x0000000085e00000, 0x0000000085e00000| Complete 
|  94|0x0000000085e00000, 0x0000000085f00000, 0x0000000085f00000|100%|HS|  |TAMS 0x0000000085f00000, 0x0000000085f00000| Complete 
|  95|0x0000000085f00000, 0x0000000086000000, 0x0000000086000000|100%|HC|  |TAMS 0x0000000086000000, 0x0000000086000000| Complete 
|  96|0x0000000086000000, 0x0000000086100000, 0x0000000086100000|100%|HC|  |TAMS 0x0000000086100000, 0x0000000086100000| Complete 
|  97|0x0000000086100000, 0x0000000086200000, 0x0000000086200000|100%|HS|  |TAMS 0x0000000086200000, 0x0000000086200000| Complete 
|  98|0x0000000086200000, 0x0000000086300000, 0x0000000086300000|100%|HS|  |TAMS 0x0000000086300000, 0x0000000086300000| Complete 
|  99|0x0000000086300000, 0x0000000086400000, 0x0000000086400000|100%| O|  |TAMS 0x0000000086400000, 0x0000000086400000| Untracked 
| 100|0x0000000086400000, 0x0000000086500000, 0x0000000086500000|100%| O|  |TAMS 0x0000000086500000, 0x0000000086500000| Untracked 
| 101|0x0000000086500000, 0x0000000086600000, 0x0000000086600000|100%| O|  |TAMS 0x0000000086600000, 0x0000000086600000| Untracked 
| 102|0x0000000086600000, 0x0000000086700000, 0x0000000086700000|100%| O|  |TAMS 0x0000000086700000, 0x0000000086700000| Untracked 
| 103|0x0000000086700000, 0x0000000086800000, 0x0000000086800000|100%| O|  |TAMS 0x0000000086800000, 0x0000000086800000| Untracked 
| 104|0x0000000086800000, 0x0000000086900000, 0x0000000086900000|100%| O|  |TAMS 0x0000000086900000, 0x0000000086900000| Untracked 
| 105|0x0000000086900000, 0x0000000086a00000, 0x0000000086a00000|100%| O|  |TAMS 0x0000000086a00000, 0x0000000086a00000| Untracked 
| 106|0x0000000086a00000, 0x0000000086b00000, 0x0000000086b00000|100%|HS|  |TAMS 0x0000000086b00000, 0x0000000086b00000| Complete 
| 107|0x0000000086b00000, 0x0000000086c00000, 0x0000000086c00000|100%|HC|  |TAMS 0x0000000086c00000, 0x0000000086c00000| Complete 
| 108|0x0000000086c00000, 0x0000000086d00000, 0x0000000086d00000|100%| O|  |TAMS 0x0000000086d00000, 0x0000000086d00000| Untracked 
| 109|0x0000000086d00000, 0x0000000086e00000, 0x0000000086e00000|100%|HS|  |TAMS 0x0000000086e00000, 0x0000000086e00000| Complete 
| 110|0x0000000086e00000, 0x0000000086f00000, 0x0000000086f00000|100%| O|  |TAMS 0x0000000086f00000, 0x0000000086f00000| Untracked 
| 111|0x0000000086f00000, 0x0000000087000000, 0x0000000087000000|100%|HS|  |TAMS 0x0000000087000000, 0x0000000087000000| Complete 
| 112|0x0000000087000000, 0x0000000087100000, 0x0000000087100000|100%| O|  |TAMS 0x0000000087100000, 0x0000000087100000| Untracked 
| 113|0x0000000087100000, 0x0000000087200000, 0x0000000087200000|100%| O|  |TAMS 0x0000000087200000, 0x0000000087200000| Untracked 
| 114|0x0000000087200000, 0x0000000087300000, 0x0000000087300000|100%| O|  |TAMS 0x0000000087300000, 0x0000000087300000| Untracked 
| 115|0x0000000087300000, 0x0000000087400000, 0x0000000087400000|100%| O|  |TAMS 0x0000000087400000, 0x0000000087400000| Untracked 
| 116|0x0000000087400000, 0x0000000087500000, 0x0000000087500000|100%| O|  |TAMS 0x0000000087500000, 0x0000000087500000| Untracked 
| 117|0x0000000087500000, 0x0000000087600000, 0x0000000087600000|100%| O|  |TAMS 0x0000000087581200, 0x0000000087600000| Untracked 
| 118|0x0000000087600000, 0x0000000087700000, 0x0000000087700000|100%|HS|  |TAMS 0x0000000087700000, 0x0000000087700000| Complete 
| 119|0x0000000087700000, 0x0000000087800000, 0x0000000087800000|100%|HC|  |TAMS 0x0000000087800000, 0x0000000087800000| Complete 
| 120|0x0000000087800000, 0x0000000087900000, 0x0000000087900000|100%|HC|  |TAMS 0x0000000087900000, 0x0000000087900000| Complete 
| 121|0x0000000087900000, 0x0000000087a00000, 0x0000000087a00000|100%|HS|  |TAMS 0x0000000087900000, 0x0000000087a00000| Complete 
| 122|0x0000000087a00000, 0x0000000087b00000, 0x0000000087b00000|100%|HS|  |TAMS 0x0000000087b00000, 0x0000000087b00000| Complete 
| 123|0x0000000087b00000, 0x0000000087c00000, 0x0000000087c00000|100%|HS|  |TAMS 0x0000000087b00000, 0x0000000087c00000| Complete 
| 124|0x0000000087c00000, 0x0000000087d00000, 0x0000000087d00000|100%|HS|  |TAMS 0x0000000087d00000, 0x0000000087d00000| Complete 
| 125|0x0000000087d00000, 0x0000000087e00000, 0x0000000087e00000|100%| O|  |TAMS 0x0000000087e00000, 0x0000000087e00000| Untracked 
| 126|0x0000000087e00000, 0x0000000087f00000, 0x0000000087f00000|100%| O|  |TAMS 0x0000000087e00000, 0x0000000087f00000| Untracked 
| 127|0x0000000087f00000, 0x0000000088000000, 0x0000000088000000|100%| O|  |TAMS 0x0000000087f00000, 0x0000000088000000| Untracked 
| 128|0x0000000088000000, 0x0000000088100000, 0x0000000088100000|100%| O|  |TAMS 0x0000000088000000, 0x0000000088100000| Untracked 
| 129|0x0000000088100000, 0x0000000088200000, 0x0000000088200000|100%| O|  |TAMS 0x0000000088100000, 0x0000000088200000| Untracked 
| 130|0x0000000088200000, 0x0000000088300000, 0x0000000088300000|100%| O|  |TAMS 0x0000000088200000, 0x0000000088300000| Untracked 
| 131|0x0000000088300000, 0x0000000088400000, 0x0000000088400000|100%| O|  |TAMS 0x0000000088300000, 0x0000000088400000| Untracked 
| 132|0x0000000088400000, 0x0000000088500000, 0x0000000088500000|100%| O|  |TAMS 0x0000000088400000, 0x0000000088500000| Untracked 
| 133|0x0000000088500000, 0x0000000088600000, 0x0000000088600000|100%| O|  |TAMS 0x0000000088500000, 0x0000000088600000| Untracked 
| 134|0x0000000088600000, 0x0000000088700000, 0x0000000088700000|100%| O|  |TAMS 0x0000000088600000, 0x0000000088700000| Untracked 
| 135|0x0000000088700000, 0x0000000088800000, 0x0000000088800000|100%| O|  |TAMS 0x0000000088700000, 0x0000000088800000| Untracked 
| 136|0x0000000088800000, 0x0000000088900000, 0x0000000088900000|100%| O|  |TAMS 0x0000000088800000, 0x0000000088900000| Untracked 
| 137|0x0000000088900000, 0x0000000088a00000, 0x0000000088a00000|100%| O|  |TAMS 0x0000000088900000, 0x0000000088a00000| Untracked 
| 138|0x0000000088a00000, 0x0000000088b00000, 0x0000000088b00000|100%| O|  |TAMS 0x0000000088a00000, 0x0000000088b00000| Untracked 
| 139|0x0000000088b00000, 0x0000000088c00000, 0x0000000088c00000|100%| O|  |TAMS 0x0000000088b00000, 0x0000000088c00000| Untracked 
| 140|0x0000000088c00000, 0x0000000088d00000, 0x0000000088d00000|100%| O|  |TAMS 0x0000000088c00000, 0x0000000088d00000| Untracked 
| 141|0x0000000088d00000, 0x0000000088e00000, 0x0000000088e00000|100%| O|  |TAMS 0x0000000088d00000, 0x0000000088e00000| Untracked 
| 142|0x0000000088e00000, 0x0000000088f00000, 0x0000000088f00000|100%| O|  |TAMS 0x0000000088e00000, 0x0000000088e00000| Untracked 
| 143|0x0000000088f00000, 0x0000000089000000, 0x0000000089000000|100%| O|  |TAMS 0x0000000088f00000, 0x0000000088f00000| Untracked 
| 144|0x0000000089000000, 0x0000000089100000, 0x0000000089100000|100%| O|  |TAMS 0x0000000089000000, 0x0000000089000000| Untracked 
| 145|0x0000000089100000, 0x0000000089200000, 0x0000000089200000|100%| O|  |TAMS 0x0000000089100000, 0x0000000089100000| Untracked 
| 146|0x0000000089200000, 0x0000000089300000, 0x0000000089300000|100%| O|  |TAMS 0x0000000089200000, 0x0000000089200000| Untracked 
| 147|0x0000000089300000, 0x0000000089400000, 0x0000000089400000|100%| O|  |TAMS 0x0000000089300000, 0x0000000089300000| Untracked 
| 148|0x0000000089400000, 0x0000000089500000, 0x0000000089500000|100%| O|  |TAMS 0x0000000089400000, 0x0000000089400000| Untracked 
| 149|0x0000000089500000, 0x0000000089600000, 0x0000000089600000|100%| O|  |TAMS 0x0000000089500000, 0x0000000089500000| Untracked 
| 150|0x0000000089600000, 0x0000000089700000, 0x0000000089700000|100%| O|  |TAMS 0x0000000089600000, 0x0000000089600000| Untracked 
| 151|0x0000000089700000, 0x0000000089800000, 0x0000000089800000|100%| O|  |TAMS 0x0000000089700000, 0x0000000089700000| Untracked 
| 152|0x0000000089800000, 0x0000000089900000, 0x0000000089900000|100%| O|  |TAMS 0x0000000089800000, 0x0000000089800000| Untracked 
| 153|0x0000000089900000, 0x0000000089926800, 0x0000000089a00000| 15%| O|  |TAMS 0x0000000089900000, 0x0000000089900000| Untracked 
| 154|0x0000000089a00000, 0x0000000089a00000, 0x0000000089b00000|  0%| F|  |TAMS 0x0000000089a00000, 0x0000000089a00000| Untracked 
| 155|0x0000000089b00000, 0x0000000089c00000, 0x0000000089c00000|100%| O|  |TAMS 0x0000000089c00000, 0x0000000089c00000| Untracked 
| 156|0x0000000089c00000, 0x0000000089c00000, 0x0000000089d00000|  0%| F|  |TAMS 0x0000000089c00000, 0x0000000089c00000| Untracked 
| 157|0x0000000089d00000, 0x0000000089d00000, 0x0000000089e00000|  0%| F|  |TAMS 0x0000000089d00000, 0x0000000089d00000| Untracked 
| 158|0x0000000089e00000, 0x0000000089f00000, 0x0000000089f00000|100%| O|  |TAMS 0x0000000089f00000, 0x0000000089f00000| Untracked 
| 159|0x0000000089f00000, 0x000000008a000000, 0x000000008a000000|100%| O|  |TAMS 0x000000008a000000, 0x000000008a000000| Untracked 
| 160|0x000000008a000000, 0x000000008a100000, 0x000000008a100000|100%| O|  |TAMS 0x000000008a100000, 0x000000008a100000| Untracked 
| 161|0x000000008a100000, 0x000000008a200000, 0x000000008a200000|100%| O|  |TAMS 0x000000008a200000, 0x000000008a200000| Untracked 
| 162|0x000000008a200000, 0x000000008a300000, 0x000000008a300000|100%| O|  |TAMS 0x000000008a300000, 0x000000008a300000| Untracked 
| 163|0x000000008a300000, 0x000000008a400000, 0x000000008a400000|100%| O|  |TAMS 0x000000008a400000, 0x000000008a400000| Untracked 
| 164|0x000000008a400000, 0x000000008a500000, 0x000000008a500000|100%| O|  |TAMS 0x000000008a500000, 0x000000008a500000| Untracked 
| 165|0x000000008a500000, 0x000000008a500000, 0x000000008a600000|  0%| F|  |TAMS 0x000000008a500000, 0x000000008a500000| Untracked 
| 166|0x000000008a600000, 0x000000008a600000, 0x000000008a700000|  0%| F|  |TAMS 0x000000008a600000, 0x000000008a600000| Untracked 
| 167|0x000000008a700000, 0x000000008a700000, 0x000000008a800000|  0%| F|  |TAMS 0x000000008a700000, 0x000000008a700000| Untracked 
| 168|0x000000008a800000, 0x000000008a800000, 0x000000008a900000|  0%| F|  |TAMS 0x000000008a800000, 0x000000008a800000| Untracked 
| 169|0x000000008a900000, 0x000000008a900000, 0x000000008aa00000|  0%| F|  |TAMS 0x000000008a900000, 0x000000008a900000| Untracked 
| 170|0x000000008aa00000, 0x000000008aa00000, 0x000000008ab00000|  0%| F|  |TAMS 0x000000008aa00000, 0x000000008aa00000| Untracked 
| 171|0x000000008ab00000, 0x000000008ab00000, 0x000000008ac00000|  0%| F|  |TAMS 0x000000008ab00000, 0x000000008ab00000| Untracked 
| 172|0x000000008ac00000, 0x000000008ac00000, 0x000000008ad00000|  0%| F|  |TAMS 0x000000008ac00000, 0x000000008ac00000| Untracked 
| 173|0x000000008ad00000, 0x000000008ad00000, 0x000000008ae00000|  0%| F|  |TAMS 0x000000008ad00000, 0x000000008ad00000| Untracked 
| 174|0x000000008ae00000, 0x000000008ae00000, 0x000000008af00000|  0%| F|  |TAMS 0x000000008ae00000, 0x000000008ae00000| Untracked 
| 175|0x000000008af00000, 0x000000008af00000, 0x000000008b000000|  0%| F|  |TAMS 0x000000008af00000, 0x000000008af00000| Untracked 
| 176|0x000000008b000000, 0x000000008b000000, 0x000000008b100000|  0%| F|  |TAMS 0x000000008b000000, 0x000000008b000000| Untracked 
| 177|0x000000008b100000, 0x000000008b100000, 0x000000008b200000|  0%| F|  |TAMS 0x000000008b100000, 0x000000008b100000| Untracked 
| 178|0x000000008b200000, 0x000000008b200000, 0x000000008b300000|  0%| F|  |TAMS 0x000000008b200000, 0x000000008b200000| Untracked 
| 179|0x000000008b300000, 0x000000008b300000, 0x000000008b400000|  0%| F|  |TAMS 0x000000008b300000, 0x000000008b300000| Untracked 
| 180|0x000000008b400000, 0x000000008b400000, 0x000000008b500000|  0%| F|  |TAMS 0x000000008b400000, 0x000000008b400000| Untracked 
| 181|0x000000008b500000, 0x000000008b500000, 0x000000008b600000|  0%| F|  |TAMS 0x000000008b500000, 0x000000008b500000| Untracked 
| 182|0x000000008b600000, 0x000000008b600000, 0x000000008b700000|  0%| F|  |TAMS 0x000000008b600000, 0x000000008b600000| Untracked 
| 183|0x000000008b700000, 0x000000008b700000, 0x000000008b800000|  0%| F|  |TAMS 0x000000008b700000, 0x000000008b700000| Untracked 
| 184|0x000000008b800000, 0x000000008b800000, 0x000000008b900000|  0%| F|  |TAMS 0x000000008b800000, 0x000000008b800000| Untracked 
| 185|0x000000008b900000, 0x000000008b900000, 0x000000008ba00000|  0%| F|  |TAMS 0x000000008b900000, 0x000000008b900000| Untracked 
| 186|0x000000008ba00000, 0x000000008ba00000, 0x000000008bb00000|  0%| F|  |TAMS 0x000000008ba00000, 0x000000008ba00000| Untracked 
| 187|0x000000008bb00000, 0x000000008bb00000, 0x000000008bc00000|  0%| F|  |TAMS 0x000000008bb00000, 0x000000008bb00000| Untracked 
| 188|0x000000008bc00000, 0x000000008bd00000, 0x000000008bd00000|100%| S|CS|TAMS 0x000000008bc00000, 0x000000008bc00000| Complete 
| 189|0x000000008bd00000, 0x000000008be00000, 0x000000008be00000|100%| S|CS|TAMS 0x000000008bd00000, 0x000000008bd00000| Complete 
| 190|0x000000008be00000, 0x000000008be00000, 0x000000008bf00000|  0%| F|  |TAMS 0x000000008be00000, 0x000000008be00000| Untracked 
| 191|0x000000008bf00000, 0x000000008bf00000, 0x000000008c000000|  0%| F|  |TAMS 0x000000008bf00000, 0x000000008bf00000| Untracked 
| 192|0x000000008c000000, 0x000000008c000000, 0x000000008c100000|  0%| F|  |TAMS 0x000000008c000000, 0x000000008c000000| Untracked 
| 193|0x000000008c100000, 0x000000008c100000, 0x000000008c200000|  0%| F|  |TAMS 0x000000008c100000, 0x000000008c100000| Untracked 
| 194|0x000000008c200000, 0x000000008c200000, 0x000000008c300000|  0%| F|  |TAMS 0x000000008c200000, 0x000000008c200000| Untracked 
| 195|0x000000008c300000, 0x000000008c300000, 0x000000008c400000|  0%| F|  |TAMS 0x000000008c300000, 0x000000008c300000| Untracked 
| 196|0x000000008c400000, 0x000000008c400000, 0x000000008c500000|  0%| F|  |TAMS 0x000000008c400000, 0x000000008c400000| Untracked 
| 197|0x000000008c500000, 0x000000008c500000, 0x000000008c600000|  0%| F|  |TAMS 0x000000008c500000, 0x000000008c500000| Untracked 

Card table byte_map: [0x000001932f850000,0x000001932fc50000] _byte_map_base: 0x000001932f450000

Marking Bits (Prev, Next): (CMBitMap*) 0x000001931a748310, (CMBitMap*) 0x000001931a7482d8
 Prev Bits: [0x0000019332050000, 0x0000019334050000)
 Next Bits: [0x0000019330050000, 0x0000019332050000)

Polling page: 0x000001931bf90000

Metaspace:

Usage:
  Non-class:     91.05 MB capacity,    89.45 MB ( 98%) used,     1.30 MB (  1%) free+waste,   302.06 KB ( <1%) overhead. 
      Class:     14.43 MB capacity,    13.49 MB ( 93%) used,   826.78 KB (  6%) free+waste,   134.44 KB ( <1%) overhead. 
       Both:    105.47 MB capacity,   102.94 MB ( 98%) used,     2.10 MB (  2%) free+waste,   436.50 KB ( <1%) overhead. 

Virtual space:
  Non-class space:       92.00 MB reserved,      91.17 MB (>99%) committed 
      Class space:        1.00 GB reserved,      14.50 MB (  1%) committed 
             Both:        1.09 GB reserved,     105.67 MB (  9%) committed 

Chunk freelists:
   Non-Class:  61.00 KB
       Class:  0 bytes
        Both:  61.00 KB

MaxMetaspaceSize: 17179869184.00 GB
CompressedClassSpaceSize: 1.00 GB
Initial GC threshold: 20.80 MB
Current GC threshold: 172.36 MB
CDS: off

CodeHeap 'non-profiled nmethods': size=120000Kb used=7837Kb max_used=7837Kb free=112162Kb
 bounds [0x00000193274b0000, 0x0000019327c60000, 0x000001932e9e0000]
CodeHeap 'profiled nmethods': size=120000Kb used=29814Kb max_used=29814Kb free=90185Kb
 bounds [0x000001931ff80000, 0x0000019321ca0000, 0x00000193274b0000]
CodeHeap 'non-nmethods': size=5760Kb used=2445Kb max_used=2517Kb free=3314Kb
 bounds [0x000001931f9e0000, 0x000001931fc60000, 0x000001931ff80000]
 total_blobs=14375 nmethods=13404 adapters=881
 compilation: enabled
              stopped_count=0, restarted_count=0
 full_count=0

Compilation events (20 events):
Event: 34.615 Thread 0x0000019336b41800 nmethod 13502 0x0000019321c9d290 code [0x0000019321c9d440, 0x0000019321c9d568]
Event: 34.615 Thread 0x0000019336b41800 13497       2       com.android.tools.r8.dex.j$$Lambda$1238/0x0000000100c65040::get (8 bytes)
Event: 34.615 Thread 0x0000019336b41800 nmethod 13497 0x0000019321c9d690 code [0x0000019321c9d840, 0x0000019321c9d968]
Event: 34.619 Thread 0x00000193374dd000 nmethod 13479 0x0000019327c54010 code [0x0000019327c541c0, 0x0000019327c54508]
Event: 34.619 Thread 0x00000193374dd000 13471       4       com.android.tools.r8.internal.mI::b (33 bytes)
Event: 34.620 Thread 0x00000193374dd000 nmethod 13471 0x0000019327c54990 code [0x0000019327c54b20, 0x0000019327c54bb8]
Event: 34.621 Thread 0x00000193374dd000 13493       4       com.android.tools.r8.code.H0::hashCode (24 bytes)
Event: 34.623 Thread 0x00000193374dd000 nmethod 13493 0x0000019327c55290 code [0x0000019327c55440, 0x0000019327c55588]
Event: 34.623 Thread 0x00000193374dd000 13275       4       com.android.tools.r8.internal.Rd::k (4 bytes)
Event: 34.623 Thread 0x00000193374dd000 nmethod 13275 0x0000019327c55710 code [0x0000019327c558a0, 0x0000019327c558f8]
Event: 34.623 Thread 0x00000193374dd000 13208       4       com.android.tools.r8.graph.q0$a::a (7 bytes)
Event: 34.625 Thread 0x00000193374dd000 nmethod 13208 0x0000019327c55d10 code [0x0000019327c55ea0, 0x0000019327c55fd8]
Event: 34.625 Thread 0x00000193374dd000 13514       4       com.android.tools.r8.graph.V0::c (8 bytes)
Event: 34.626 Thread 0x00000193374dd000 nmethod 13514 0x0000019327c56390 code [0x0000019327c56520, 0x0000019327c56598]
Event: 34.626 Thread 0x00000193374dd000 13207       4       com.android.tools.r8.graph.q0$a::c (7 bytes)
Event: 34.627 Thread 0x00000193374dd000 nmethod 13207 0x0000019327c56690 code [0x0000019327c56820, 0x0000019327c56898]
Event: 34.627 Thread 0x00000193374dd000 13209       4       com.android.tools.r8.graph.q0$a::a (7 bytes)
Event: 34.629 Thread 0x00000193374dd000 nmethod 13209 0x0000019327c57290 code [0x0000019327c57420, 0x0000019327c57558]
Event: 34.629 Thread 0x00000193374dd000 13521   !   4       com.android.tools.r8.graph.d1::h0 (125 bytes)
Event: 34.641 Thread 0x0000019336b41800 13504       2       java.lang.invoke.ClassSpecializer::className (33 bytes)

GC Heap History (20 events):
Event: 32.485 GC heap after
{Heap after GC invocations=38 (full 0):
 garbage-first heap   total 157696K, used 96644K [0x0000000080000000, 0x0000000100000000)
  region size 1024K, 5 young (5120K), 5 survivors (5120K)
 Metaspace       used 99369K, capacity 101717K, committed 101804K, reserved 1136640K
  class space    used 12836K, capacity 13745K, committed 13824K, reserved 1048576K
}
Event: 33.255 GC heap before
{Heap before GC invocations=39 (full 0):
 garbage-first heap   total 157696K, used 118148K [0x0000000080000000, 0x0000000100000000)
  region size 1024K, 19 young (19456K), 5 survivors (5120K)
 Metaspace       used 102059K, capacity 104444K, committed 104748K, reserved 1140736K
  class space    used 13210K, capacity 14124K, committed 14208K, reserved 1048576K
}
Event: 33.265 GC heap after
{Heap after GC invocations=40 (full 0):
 garbage-first heap   total 157696K, used 110521K [0x0000000080000000, 0x0000000100000000)
  region size 1024K, 5 young (5120K), 5 survivors (5120K)
 Metaspace       used 102059K, capacity 104444K, committed 104748K, reserved 1140736K
  class space    used 13210K, capacity 14124K, committed 14208K, reserved 1048576K
}
Event: 33.517 GC heap before
{Heap before GC invocations=40 (full 0):
 garbage-first heap   total 157696K, used 154553K [0x0000000080000000, 0x0000000100000000)
  region size 1024K, 27 young (27648K), 5 survivors (5120K)
 Metaspace       used 102299K, capacity 104676K, committed 104748K, reserved 1140736K
  class space    used 13235K, capacity 14158K, committed 14208K, reserved 1048576K
}
Event: 33.529 GC heap after
{Heap after GC invocations=41 (full 0):
 garbage-first heap   total 168960K, used 127777K [0x0000000080000000, 0x0000000100000000)
  region size 1024K, 4 young (4096K), 4 survivors (4096K)
 Metaspace       used 102299K, capacity 104676K, committed 104748K, reserved 1140736K
  class space    used 13235K, capacity 14158K, committed 14208K, reserved 1048576K
}
Event: 33.641 GC heap before
{Heap before GC invocations=42 (full 0):
 garbage-first heap   total 168960K, used 142113K [0x0000000080000000, 0x0000000100000000)
  region size 1024K, 18 young (18432K), 4 survivors (4096K)
 Metaspace       used 102328K, capacity 104740K, committed 105004K, reserved 1140736K
  class space    used 13237K, capacity 14158K, committed 14208K, reserved 1048576K
}
Event: 33.652 GC heap after
{Heap after GC invocations=43 (full 0):
 garbage-first heap   total 168960K, used 134144K [0x0000000080000000, 0x0000000100000000)
  region size 1024K, 3 young (3072K), 3 survivors (3072K)
 Metaspace       used 102328K, capacity 104740K, committed 105004K, reserved 1140736K
  class space    used 13237K, capacity 14158K, committed 14208K, reserved 1048576K
}
Event: 33.688 GC heap before
{Heap before GC invocations=43 (full 0):
 garbage-first heap   total 168960K, used 138240K [0x0000000080000000, 0x0000000100000000)
  region size 1024K, 8 young (8192K), 3 survivors (3072K)
 Metaspace       used 102328K, capacity 104740K, committed 105004K, reserved 1140736K
  class space    used 13237K, capacity 14158K, committed 14208K, reserved 1048576K
}
Event: 33.697 GC heap after
{Heap after GC invocations=44 (full 0):
 garbage-first heap   total 168960K, used 136328K [0x0000000080000000, 0x0000000100000000)
  region size 1024K, 2 young (2048K), 2 survivors (2048K)
 Metaspace       used 102328K, capacity 104740K, committed 105004K, reserved 1140736K
  class space    used 13237K, capacity 14158K, committed 14208K, reserved 1048576K
}
Event: 33.769 GC heap before
{Heap before GC invocations=44 (full 0):
 garbage-first heap   total 168960K, used 144520K [0x0000000080000000, 0x0000000100000000)
  region size 1024K, 8 young (8192K), 2 survivors (2048K)
 Metaspace       used 102329K, capacity 104740K, committed 105004K, reserved 1140736K
  class space    used 13237K, capacity 14158K, committed 14208K, reserved 1048576K
}
Event: 33.778 GC heap after
{Heap after GC invocations=45 (full 0):
 garbage-first heap   total 168960K, used 140878K [0x0000000080000000, 0x0000000100000000)
  region size 1024K, 1 young (1024K), 1 survivors (1024K)
 Metaspace       used 102329K, capacity 104740K, committed 105004K, reserved 1140736K
  class space    used 13237K, capacity 14158K, committed 14208K, reserved 1048576K
}
Event: 33.930 GC heap before
{Heap before GC invocations=45 (full 0):
 garbage-first heap   total 168960K, used 147022K [0x0000000080000000, 0x0000000100000000)
  region size 1024K, 8 young (8192K), 1 survivors (1024K)
 Metaspace       used 103254K, capacity 105663K, committed 105900K, reserved 1140736K
  class space    used 13400K, capacity 14319K, committed 14336K, reserved 1048576K
}
Event: 33.940 GC heap after
{Heap after GC invocations=46 (full 0):
 garbage-first heap   total 202752K, used 143137K [0x0000000080000000, 0x0000000100000000)
  region size 1024K, 1 young (1024K), 1 survivors (1024K)
 Metaspace       used 103254K, capacity 105663K, committed 105900K, reserved 1140736K
  class space    used 13400K, capacity 14319K, committed 14336K, reserved 1048576K
}
Event: 34.371 GC heap before
{Heap before GC invocations=47 (full 0):
 garbage-first heap   total 202752K, used 159521K [0x0000000080000000, 0x0000000100000000)
  region size 1024K, 17 young (17408K), 1 survivors (1024K)
 Metaspace       used 104971K, capacity 107457K, committed 107564K, reserved 1142784K
  class space    used 13740K, capacity 14679K, committed 14720K, reserved 1048576K
}
Event: 34.382 GC heap after
{Heap after GC invocations=48 (full 0):
 garbage-first heap   total 202752K, used 149818K [0x0000000080000000, 0x0000000100000000)
  region size 1024K, 3 young (3072K), 3 survivors (3072K)
 Metaspace       used 104971K, capacity 107457K, committed 107564K, reserved 1142784K
  class space    used 13740K, capacity 14679K, committed 14720K, reserved 1048576K
}
Event: 34.480 GC heap before
{Heap before GC invocations=48 (full 0):
 garbage-first heap   total 202752K, used 164154K [0x0000000080000000, 0x0000000100000000)
  region size 1024K, 17 young (17408K), 3 survivors (3072K)
 Metaspace       used 105278K, capacity 107761K, committed 107948K, reserved 1142784K
  class space    used 13783K, capacity 14732K, committed 14848K, reserved 1048576K
}
Event: 34.493 GC heap after
{Heap after GC invocations=49 (full 0):
 garbage-first heap   total 202752K, used 156672K [0x0000000080000000, 0x0000000100000000)
  region size 1024K, 3 young (3072K), 3 survivors (3072K)
 Metaspace       used 105278K, capacity 107761K, committed 107948K, reserved 1142784K
  class space    used 13783K, capacity 14732K, committed 14848K, reserved 1048576K
}
Event: 34.583 GC heap before
{Heap before GC invocations=49 (full 0):
 garbage-first heap   total 202752K, used 167936K [0x0000000080000000, 0x0000000100000000)
  region size 1024K, 14 young (14336K), 3 survivors (3072K)
 Metaspace       used 105361K, capacity 107917K, committed 108204K, reserved 1142784K
  class space    used 13801K, capacity 14764K, committed 14848K, reserved 1048576K
}
Event: 34.591 GC heap after
{Heap after GC invocations=50 (full 0):
 garbage-first heap   total 202752K, used 162660K [0x0000000080000000, 0x0000000100000000)
  region size 1024K, 2 young (2048K), 2 survivors (2048K)
 Metaspace       used 105361K, capacity 107917K, committed 108204K, reserved 1142784K
  class space    used 13801K, capacity 14764K, committed 14848K, reserved 1048576K
}
Event: 34.644 GC heap before
{Heap before GC invocations=50 (full 0):
 garbage-first heap   total 202752K, used 170852K [0x0000000080000000, 0x0000000100000000)
  region size 1024K, 10 young (10240K), 2 survivors (2048K)
 Metaspace       used 105411K, capacity 108003K, committed 108204K, reserved 1142784K
  class space    used 13810K, capacity 14772K, committed 14848K, reserved 1048576K
}

Deoptimization events (20 events):
Event: 34.313 Thread 0x000001933e8da000 Uncommon trap: trap_request=0xffffffc6 fr.pc=0x0000019327bd725c relative=0x000000000000085c
Event: 34.314 Thread 0x000001933e8da000 Uncommon trap: reason=bimorphic_or_optimized_type_check action=maybe_recompile pc=0x0000019327bd725c method=java.io.ObjectOutputStream$BlockDataOutputStream.drain()V @ 36 c2
Event: 34.314 Thread 0x000001933e8da000 DEOPT PACKING pc=0x0000019327bd725c sp=0x0000003d985fd3d0
Event: 34.314 Thread 0x000001933e8da000 DEOPT UNPACKING pc=0x000001931fa2a1af sp=0x0000003d985fd3b0 mode 2
Event: 34.314 Thread 0x000001933e8da000 Uncommon trap: trap_request=0xffffffc6 fr.pc=0x0000019327bd725c relative=0x000000000000085c
Event: 34.314 Thread 0x000001933e8da000 Uncommon trap: reason=bimorphic_or_optimized_type_check action=maybe_recompile pc=0x0000019327bd725c method=java.io.ObjectOutputStream$BlockDataOutputStream.drain()V @ 36 c2
Event: 34.314 Thread 0x000001933e8da000 DEOPT PACKING pc=0x0000019327bd725c sp=0x0000003d985fd620
Event: 34.314 Thread 0x000001933e8da000 DEOPT UNPACKING pc=0x000001931fa2a1af sp=0x0000003d985fd600 mode 2
Event: 34.314 Thread 0x000001933e8da000 Uncommon trap: trap_request=0xffffffc6 fr.pc=0x0000019327bd725c relative=0x000000000000085c
Event: 34.314 Thread 0x000001933e8da000 Uncommon trap: reason=bimorphic_or_optimized_type_check action=maybe_recompile pc=0x0000019327bd725c method=java.io.ObjectOutputStream$BlockDataOutputStream.drain()V @ 36 c2
Event: 34.314 Thread 0x000001933e8da000 DEOPT PACKING pc=0x0000019327bd725c sp=0x0000003d985fd620
Event: 34.314 Thread 0x000001933e8da000 DEOPT UNPACKING pc=0x000001931fa2a1af sp=0x0000003d985fd600 mode 2
Event: 34.437 Thread 0x000001933e8da000 Uncommon trap: trap_request=0xffffffd6 fr.pc=0x0000019327b98e78 relative=0x0000000000000938
Event: 34.437 Thread 0x000001933e8da000 Uncommon trap: reason=array_check action=maybe_recompile pc=0x0000019327b98e78 method=java.util.TimSort.binarySort([Ljava/lang/Object;IIILjava/util/Comparator;)V @ 183 c2
Event: 34.437 Thread 0x000001933e8da000 DEOPT PACKING pc=0x0000019327b98e78 sp=0x0000003d985fa210
Event: 34.437 Thread 0x000001933e8da000 DEOPT UNPACKING pc=0x000001931fa2a1af sp=0x0000003d985fa1b8 mode 2
Event: 34.457 Thread 0x000001933be5f000 Uncommon trap: trap_request=0xffffff4d fr.pc=0x0000019327c49d94 relative=0x0000000000001554
Event: 34.457 Thread 0x000001933be5f000 Uncommon trap: reason=unstable_if action=reinterpret pc=0x0000019327c49d94 method=com.android.tools.r8.dex.j.i()Lcom/android/tools/r8/graph/j1; @ 43 c2
Event: 34.457 Thread 0x000001933be5f000 DEOPT PACKING pc=0x0000019327c49d94 sp=0x0000003d994fe540
Event: 34.457 Thread 0x000001933be5f000 DEOPT UNPACKING pc=0x000001931fa2a1af sp=0x0000003d994fe530 mode 2

Classes redefined (0 events):
No events

Internal exceptions (20 events):
Event: 30.123 Thread 0x000001933e8da000 Exception <a 'java/lang/NoSuchMethodError'{0x00000000896754d8}: 'java.lang.Object java.lang.invoke.DirectMethodHandle$Holder.invokeStaticInit(java.lang.Object, java.lang.Object, long, java.lang.Object)'> (0x00000000896754d8) thrown at [./src/hotspot/share/interpreter/linkResolver.cpp, line 773]
Event: 30.124 Thread 0x000001933e8da000 Exception <a 'java/lang/NoSuchMethodError'{0x000000008967b8c8}: 'java.lang.Object java.lang.invoke.DirectMethodHandle$Holder.invokeStatic(java.lang.Object, java.lang.Object, long)'> (0x000000008967b8c8) thrown at [./src/hotspot/share/interpreter/linkResolver.cpp, line 773]
Event: 30.124 Thread 0x000001933e8da000 Exception <a 'java/lang/NoSuchMethodError'{0x0000000089682080}: 'java.lang.Object java.lang.invoke.Invokers$Holder.linkToTargetMethod(java.lang.Object, long, java.lang.Object)'> (0x0000000089682080) thrown at [./src/hotspot/share/interpreter/linkResolver.cpp, line 773]
Event: 30.462 Thread 0x000001933e8d6800 Exception <a 'java/lang/NoSuchMethodError'{0x0000000088b543b8}: <clinit>> (0x0000000088b543b8) thrown at [./src/hotspot/share/prims/jni.cpp, line 1365]
Event: 30.466 Thread 0x000001933e8d6800 Exception <a 'java/lang/NoSuchMethodError'{0x0000000088b92a70}: <clinit>> (0x0000000088b92a70) thrown at [./src/hotspot/share/prims/jni.cpp, line 1365]
Event: 30.467 Thread 0x000001933e8d6800 Exception <a 'java/lang/NoSuchMethodError'{0x0000000088ba5538}: <clinit>> (0x0000000088ba5538) thrown at [./src/hotspot/share/prims/jni.cpp, line 1365]
Event: 32.981 Thread 0x000001933e8e0800 Exception <a 'sun/nio/fs/WindowsException'{0x00000000895ca610}> (0x00000000895ca610) thrown at [./src/hotspot/share/prims/jni.cpp, line 615]
Event: 33.242 Thread 0x000001933e8e0800 Exception <a 'java/lang/NoSuchMethodError'{0x0000000088d8fa38}: 'java.lang.Object java.lang.invoke.DirectMethodHandle$Holder.invokeStaticInit(java.lang.Object, java.lang.Object, java.lang.Object, java.lang.Object, java.lang.Object, java.lang.Object, java.lang.Object, java.lang.Object, java.lang.Object, java.lang.Object, java.lang.Object, java.lang.Object, java.lang.Object, java.lang.Object, java.lang.Object, java.lang.Object, java.lang.Object, java.lang.Object, int, java.lang.Object, java.lang.Object)'> (0
Event: 33.835 Thread 0x000001933be5e800 Exception <a 'java/lang/IncompatibleClassChangeError'{0x00000000898679e0}: Found class java.lang.Object, but interface was expected> (0x00000000898679e0) thrown at [./src/hotspot/share/interpreter/linkResolver.cpp, line 839]
Event: 33.887 Thread 0x000001933be5c000 Exception <a 'java/lang/IncompatibleClassChangeError'{0x00000000897c7088}: Found class java.lang.Object, but interface was expected> (0x00000000897c7088) thrown at [./src/hotspot/share/interpreter/linkResolver.cpp, line 839]
Event: 33.890 Thread 0x000001933be5f000 Exception <a 'java/lang/NoSuchMethodError'{0x00000000897f2ed8}: 'java.lang.Object java.lang.invoke.DirectMethodHandle$Holder.newInvokeSpecial(java.lang.Object, int)'> (0x00000000897f2ed8) thrown at [./src/hotspot/share/interpreter/linkResolver.cpp, line 773]
Event: 33.893 Thread 0x000001933be5c000 Exception <a 'java/lang/IncompatibleClassChangeError'{0x00000000896041a0}: Found class java.lang.Object, but interface was expected> (0x00000000896041a0) thrown at [./src/hotspot/share/interpreter/linkResolver.cpp, line 839]
Event: 34.428 Thread 0x000001933e8da000 Exception <a 'java/lang/NoSuchMethodError'{0x000000008c0ccc08}: <clinit>> (0x000000008c0ccc08) thrown at [./src/hotspot/share/prims/jni.cpp, line 1365]
Event: 34.437 Thread 0x000001933e8da000 Exception <a 'java/lang/NoSuchMethodError'{0x000000008be2cc60}: <clinit>> (0x000000008be2cc60) thrown at [./src/hotspot/share/prims/jni.cpp, line 1365]
Event: 34.513 Thread 0x000001933e8da000 Exception <a 'java/lang/NoSuchMethodError'{0x000000008c30e2a0}: 'java.lang.Object java.lang.invoke.DirectMethodHandle$Holder.invokeSpecial(java.lang.Object, java.lang.Object, int, int, java.lang.Object, int, java.lang.Object, java.lang.Object)'> (0x000000008c30e2a0) thrown at [./src/hotspot/share/interpreter/linkResolver.cpp, line 773]
Event: 34.514 Thread 0x000001933e8da000 Exception <a 'java/lang/NoSuchMethodError'{0x000000008c31f480}: 'java.lang.Object java.lang.invoke.DelegatingMethodHandle$Holder.reinvoke_L(java.lang.Object, int, int, java.lang.Object, int, java.lang.Object, java.lang.Object)'> (0x000000008c31f480) thrown at [./src/hotspot/share/interpreter/linkResolver.cpp, line 773]
Event: 34.517 Thread 0x000001933e8da000 Exception <a 'java/lang/NoSuchMethodError'{0x000000008c391eb0}: 'java.lang.Object java.lang.invoke.DirectMethodHandle$Holder.invokeStatic(java.lang.Object, java.lang.Object, java.lang.Object, java.lang.Object, java.lang.Object, java.lang.Object, java.lang.Object, java.lang.Object, int)'> (0x000000008c391eb0) thrown at [./src/hotspot/share/interpreter/linkResolver.cpp, line 773]
Event: 34.617 Thread 0x000001933e8da000 Exception <a 'java/lang/NoSuchMethodError'{0x000000008c2814b0}: 'java.lang.Object java.lang.invoke.DirectMethodHandle$Holder.invokeStatic(java.lang.Object, java.lang.Object, java.lang.Object, java.lang.Object, java.lang.Object, java.lang.Object, java.lang.Object, java.lang.Object, int, int)'> (0x000000008c2814b0) thrown at [./src/hotspot/share/interpreter/linkResolver.cpp, line 773]
Event: 34.620 Thread 0x000001933e8da000 Exception <a 'java/lang/NoSuchMethodError'{0x000000008c11a758}: 'java.lang.Object java.lang.invoke.DirectMethodHandle$Holder.invokeStatic(java.lang.Object, java.lang.Object, java.lang.Object, java.lang.Object, java.lang.Object, java.lang.Object, java.lang.Object, java.lang.Object, int, int, java.lang.Object)'> (0x000000008c11a758) thrown at [./src/hotspot/share/interpreter/linkResolver.cpp, line 773]
Event: 34.623 Thread 0x000001933e8da000 Exception <a 'java/lang/NoSuchMethodError'{0x000000008c1bd218}: 'java.lang.Object java.lang.invoke.DirectMethodHandle$Holder.invokeStatic(java.lang.Object, java.lang.Object, java.lang.Object, java.lang.Object, java.lang.Object, java.lang.Object, java.lang.Object, java.lang.Object, int, int, java.lang.Object, java.lang.Object)'> (0x000000008c1bd218) thrown at [./src/hotspot/share/interpreter/linkResolver.cpp, line 773]

Events (20 events):
Event: 34.518 loading class java/lang/invoke/BoundMethodHandle$Species_LLLLLII
Event: 34.518 loading class java/lang/invoke/BoundMethodHandle$Species_LLLLLII done
Event: 34.524 loading class com/android/tools/r8/internal/Zb
Event: 34.524 loading class com/android/tools/r8/internal/Zb done
Event: 34.582 Executing VM operation: G1CollectForAllocation
Event: 34.591 Executing VM operation: G1CollectForAllocation done
Event: 34.619 loading class java/lang/invoke/BoundMethodHandle$Species_LLLLLIIL
Event: 34.619 loading class java/lang/invoke/BoundMethodHandle$Species_LLLLLIIL done
Event: 34.621 loading class java/lang/invoke/BoundMethodHandle$Species_LLLLLIILL
Event: 34.622 loading class java/lang/invoke/BoundMethodHandle$Species_LLLLLIILL done
Event: 34.624 loading class java/lang/invoke/BoundMethodHandle$Species_LLLLLIILLL
Event: 34.624 loading class java/lang/invoke/BoundMethodHandle$Species_LLLLLIILLL done
Event: 34.629 Thread 0x000001933be5d800 Thread added: 0x000001933be5d800
Event: 34.629 loading class sun/rmi/transport/GC
Event: 34.630 loading class sun/rmi/transport/GC done
Event: 34.630 loading class sun/rmi/transport/GC$LatencyLock
Event: 34.630 loading class sun/rmi/transport/GC$LatencyLock done
Event: 34.630 loading class sun/rmi/transport/GC$1
Event: 34.630 loading class sun/rmi/transport/GC$1 done
Event: 34.641 Executing VM operation: G1CollectForAllocation


Dynamic libraries:
0x00007ff71bea0000 - 0x00007ff71beaa000 	C:\Program Files\Android\Android Studio\jre\bin\java.exe
0x00007ff87d110000 - 0x00007ff87d308000 	C:\WINDOWS\SYSTEM32\ntdll.dll
0x00007ff875330000 - 0x00007ff875347000 	C:\Program Files\AVG\Antivirus\aswhook.dll
0x00007ff87c500000 - 0x00007ff87c5bd000 	C:\WINDOWS\System32\KERNEL32.DLL
0x00007ff87ac90000 - 0x00007ff87af5e000 	C:\WINDOWS\System32\KERNELBASE.dll
0x00007ff87ab90000 - 0x00007ff87ac90000 	C:\WINDOWS\System32\ucrtbase.dll
0x00007ff8749f0000 - 0x00007ff874a09000 	C:\Program Files\Android\Android Studio\jre\bin\jli.dll
0x00007ff874970000 - 0x00007ff874987000 	C:\Program Files\Android\Android Studio\jre\bin\VCRUNTIME140.dll
0x00007ff87c1a0000 - 0x00007ff87c340000 	C:\WINDOWS\System32\USER32.dll
0x00007ff87aac0000 - 0x00007ff87aae2000 	C:\WINDOWS\System32\win32u.dll
0x00007ff87bbc0000 - 0x00007ff87bbea000 	C:\WINDOWS\System32\GDI32.dll
0x00007ff87af60000 - 0x00007ff87b06b000 	C:\WINDOWS\System32\gdi32full.dll
0x00007ff87aaf0000 - 0x00007ff87ab8d000 	C:\WINDOWS\System32\msvcp_win.dll
0x00007ff879b80000 - 0x00007ff879e1a000 	C:\WINDOWS\WinSxS\amd64_microsoft.windows.common-controls_6595b64144ccf1df_6.0.19041.1110_none_60b5254171f9507e\COMCTL32.dll
0x00007ff87c0f0000 - 0x00007ff87c18e000 	C:\WINDOWS\System32\msvcrt.dll
0x00007ff87c470000 - 0x00007ff87c4a0000 	C:\WINDOWS\System32\IMM32.DLL
0x00007ff86cdf0000 - 0x00007ff86ce8d000 	C:\Program Files\Android\Android Studio\jre\bin\msvcp140.dll
0x00007ff835d60000 - 0x00007ff836845000 	C:\Program Files\Android\Android Studio\jre\bin\server\jvm.dll
0x00007ff87c040000 - 0x00007ff87c0ee000 	C:\WINDOWS\System32\ADVAPI32.dll
0x00007ff87c770000 - 0x00007ff87c80c000 	C:\WINDOWS\System32\sechost.dll
0x00007ff87cdf0000 - 0x00007ff87cf15000 	C:\WINDOWS\System32\RPCRT4.dll
0x00007ff87bfd0000 - 0x00007ff87bfd8000 	C:\WINDOWS\System32\PSAPI.DLL
0x00007ff86b2f0000 - 0x00007ff86b2f9000 	C:\WINDOWS\SYSTEM32\WSOCK32.dll
0x00007ff87c650000 - 0x00007ff87c6bb000 	C:\WINDOWS\System32\WS2_32.dll
0x00007ff871ce0000 - 0x00007ff871d07000 	C:\WINDOWS\SYSTEM32\WINMM.dll
0x00007ff879040000 - 0x00007ff87904a000 	C:\WINDOWS\SYSTEM32\VERSION.dll
0x00007ff879000000 - 0x00007ff879012000 	C:\WINDOWS\SYSTEM32\kernel.appcore.dll
0x00007ff86d560000 - 0x00007ff86d571000 	C:\Program Files\Android\Android Studio\jre\bin\verify.dll
0x00007ff87a1c0000 - 0x00007ff87a3a4000 	C:\WINDOWS\SYSTEM32\DBGHELP.DLL
0x00007ff87a0c0000 - 0x00007ff87a0ec000 	C:\WINDOWS\SYSTEM32\dbgcore.DLL
0x00007ff87aa30000 - 0x00007ff87aab2000 	C:\WINDOWS\System32\bcryptPrimitives.dll
0x00007ff8557a0000 - 0x00007ff8557c9000 	C:\Program Files\Android\Android Studio\jre\bin\java.dll
0x00007ff86ea70000 - 0x00007ff86ea7b000 	C:\Program Files\Android\Android Studio\jre\bin\jimage.dll
0x00007ff86d4f0000 - 0x00007ff86d508000 	C:\Program Files\Android\Android Studio\jre\bin\zip.dll
0x00007ff87b170000 - 0x00007ff87b8b4000 	C:\WINDOWS\System32\SHELL32.dll
0x00007ff878860000 - 0x00007ff878ff4000 	C:\WINDOWS\SYSTEM32\windows.storage.dll
0x00007ff87bc70000 - 0x00007ff87bfc4000 	C:\WINDOWS\System32\combase.dll
0x00007ff879ae0000 - 0x00007ff879b10000 	C:\WINDOWS\SYSTEM32\Wldp.dll
0x00007ff87bb10000 - 0x00007ff87bbbd000 	C:\WINDOWS\System32\SHCORE.dll
0x00007ff87c410000 - 0x00007ff87c465000 	C:\WINDOWS\System32\shlwapi.dll
0x00007ff87a770000 - 0x00007ff87a78f000 	C:\WINDOWS\SYSTEM32\profapi.dll
0x00007ff86d1e0000 - 0x00007ff86d1fa000 	C:\Program Files\Android\Android Studio\jre\bin\net.dll
0x00007ff86fa10000 - 0x00007ff86fb1a000 	C:\WINDOWS\SYSTEM32\WINHTTP.dll
0x00007ff8799f0000 - 0x00007ff879a5a000 	C:\WINDOWS\system32\mswsock.dll
0x00007ff86c520000 - 0x00007ff86c534000 	C:\Program Files\Android\Android Studio\jre\bin\nio.dll
0x00007ff874f50000 - 0x00007ff874f77000 	C:\Users\admin\.gradle\native\e1d6ef7f7dcc3fd88c89a11ec53ec762bb8ba0a96d01ffa2cd45eb1d1d8dd5c5\windows-amd64\native-platform.dll
0x00007ff84a790000 - 0x00007ff84a8d4000 	C:\Users\admin\.gradle\native\5664cfc778a61ccfe75a443a1ab52a65af34e5dc3c78e0209fed803814484fcb\windows-amd64\native-platform-file-events.dll
0x00007ff86c5f0000 - 0x00007ff86c5fa000 	C:\Program Files\Android\Android Studio\jre\bin\management.dll
0x00007ff86b850000 - 0x00007ff86b85d000 	C:\Program Files\Android\Android Studio\jre\bin\management_ext.dll
0x00007ff87a550000 - 0x00007ff87a568000 	C:\WINDOWS\SYSTEM32\CRYPTSP.dll
0x00007ff879250000 - 0x00007ff879284000 	C:\WINDOWS\system32\rsaenh.dll
0x00007ff87a830000 - 0x00007ff87a857000 	C:\WINDOWS\System32\bcrypt.dll
0x00007ff87a6f0000 - 0x00007ff87a71e000 	C:\WINDOWS\SYSTEM32\USERENV.dll
0x00007ff8799d0000 - 0x00007ff8799dc000 	C:\WINDOWS\SYSTEM32\CRYPTBASE.dll
0x00007ff8795a0000 - 0x00007ff8795db000 	C:\WINDOWS\SYSTEM32\IPHLPAPI.DLL
0x00007ff87cc80000 - 0x00007ff87cc88000 	C:\WINDOWS\System32\NSI.dll
0x00007ff871fd0000 - 0x00007ff871fe7000 	C:\WINDOWS\SYSTEM32\dhcpcsvc6.DLL
0x00007ff871e40000 - 0x00007ff871e5d000 	C:\WINDOWS\SYSTEM32\dhcpcsvc.DLL
0x00007ff8795e0000 - 0x00007ff8796ab000 	C:\WINDOWS\SYSTEM32\DNSAPI.dll
0x00007ff86cd70000 - 0x00007ff86cd8e000 	C:\Users\admin\AppData\Local\Temp\native-platform17938799992294494583dir\native-platform.dll

dbghelp: loaded successfully - version: 4.0.5 - missing functions: none
symbol engine: initialized successfully - sym options: 0x614 - pdb path: .;C:\Program Files\Android\Android Studio\jre\bin;C:\WINDOWS\SYSTEM32;C:\Program Files\AVG\Antivirus;C:\WINDOWS\WinSxS\amd64_microsoft.windows.common-controls_6595b64144ccf1df_6.0.19041.1110_none_60b5254171f9507e;C:\Program Files\Android\Android Studio\jre\bin\server;C:\Users\admin\.gradle\native\e1d6ef7f7dcc3fd88c89a11ec53ec762bb8ba0a96d01ffa2cd45eb1d1d8dd5c5\windows-amd64;C:\Users\admin\.gradle\native\5664cfc778a61ccfe75a443a1ab52a65af34e5dc3c78e0209fed803814484fcb\windows-amd64;C:\Users\admin\AppData\Local\Temp\native-platform17938799992294494583dir

VM Arguments:
jvm_args: --add-opens=java.base/java.util=ALL-UNNAMED --add-opens=java.base/java.lang=ALL-UNNAMED --add-opens=java.base/java.lang.invoke=ALL-UNNAMED --add-opens=java.base/java.util=ALL-UNNAMED --add-opens=java.prefs/java.util.prefs=ALL-UNNAMED --add-opens=java.prefs/java.util.prefs=ALL-UNNAMED --add-opens=java.base/java.nio.charset=ALL-UNNAMED --add-opens=java.base/java.net=ALL-UNNAMED --add-opens=java.base/java.util.concurrent.atomic=ALL-UNNAMED -Xmx2048m -Dfile.encoding=UTF-8 -Duser.country=BR -Duser.language=pt -Duser.variant 
java_command: org.gradle.launcher.daemon.bootstrap.GradleDaemon 7.3.3
java_class_path (initial): C:\Users\admin\.gradle\wrapper\dists\gradle-7.3.3-bin\6a41zxkdtcxs8rphpq6y0069z\gradle-7.3.3\lib\gradle-launcher-7.3.3.jar
Launcher Type: SUN_STANDARD

[Global flags]
     intx CICompilerCount                          = 4                                         {product} {ergonomic}
     uint ConcGCThreads                            = 2                                         {product} {ergonomic}
     uint G1ConcRefinementThreads                  = 8                                         {product} {ergonomic}
   size_t G1HeapRegionSize                         = 1048576                                   {product} {ergonomic}
    uintx GCDrainStackTargetSize                   = 64                                        {product} {ergonomic}
   size_t InitialHeapSize                          = 134217728                                 {product} {ergonomic}
   size_t MarkStackSize                            = 4194304                                   {product} {ergonomic}
   size_t MaxHeapSize                              = 2147483648                                {product} {command line}
   size_t MaxNewSize                               = 1287651328                                {product} {ergonomic}
   size_t MinHeapDeltaBytes                        = 1048576                                   {product} {ergonomic}
    uintx NonNMethodCodeHeapSize                   = 5836300                                {pd product} {ergonomic}
    uintx NonProfiledCodeHeapSize                  = 122910970                              {pd product} {ergonomic}
    uintx ProfiledCodeHeapSize                     = 122910970                              {pd product} {ergonomic}
    uintx ReservedCodeCacheSize                    = 251658240                              {pd product} {ergonomic}
     bool SegmentedCodeCache                       = true                                      {product} {ergonomic}
     bool UseCompressedClassPointers               = true                                 {lp64_product} {ergonomic}
     bool UseCompressedOops                        = true                                 {lp64_product} {ergonomic}
     bool UseG1GC                                  = true                                      {product} {ergonomic}
     bool UseLargePagesIndividualAllocation        = false                                  {pd product} {ergonomic}

Logging:
Log output configuration:
 #0: stdout all=warning uptime,level,tags
 #1: stderr all=off uptime,level,tags

Environment Variables:
JAVA_HOME=C:\Program Files\Java\jdk1.8.0_271
PATH=C:\Python310\Scripts\;C:\Python310\;C:\Program Files\nodejs;C:\Python39\;C:\Program Files (x86)\Common Files\Oracle\Java\javapath;C:\WINDOWS\system32;C:\WINDOWS;"C:\WINDOWS\System32\Wbem;C:\Program Files\Java\jdk1.8.0_271bin";C:\WINDOWS\System32\WindowsPowerShell\v1.0\;C:\WINDOWS\System32\OpenSSH\;C:\Program Files (x86)\ATI Technologies\ATI.ACE\Core-Static;C:\Program Files\Git\cmd;C:\ProgramData\chocolatey\bin;C:\Program Files\nodejs\;C:\Program Files\Java\jdk-18.0.1\bin;;C:\Program Files\Docker\Docker\resources\bin;C:\ProgramData\DockerDesktop\version-bin;C:\Users\admin\AppData\Local\Microsoft\WindowsApps;C:\Users\admin\AppData\Roaming\npm;C:\Program Files\JetBrains\IntelliJ IDEA 2022.1\bin;;C:\Users\admin\AppData\Local\Programs\Microsoft VS Code\bin;C:\ProgramData\Microsoft\Windows\Start Menu\Programs\Node.js
USERNAME=admin
OS=Windows_NT
PROCESSOR_IDENTIFIER=Intel64 Family 6 Model 58 Stepping 9, GenuineIntel



---------------  S Y S T E M  ---------------

OS: Windows 10 , 64 bit Build 19041 (10.0.19041.1806)
OS uptime: 2 days 4:30 hours
Hyper-V role detected

CPU:total 8 (initial active 8) (4 cores per cpu, 2 threads per core) family 6 model 58 stepping 9 microcode 0x21, cmov, cx8, fxsr, mmx, sse, sse2, sse3, ssse3, sse4.1, sse4.2, popcnt, avx, aes, clmul, erms, ht, tsc, tscinvbit, tscinv

Memory: 4k page, system-wide physical 8162M (502M free)
TotalPageFile size 10082M (AvailPageFile size 64M)
current process WorkingSet (physical memory assigned to process): 503M, peak: 506M
current process commit charge ("private bytes"): 557M, peak: 597M

vm_info: OpenJDK 64-Bit Server VM (11.0.12+7-b1504.28-7817840) for windows-amd64 JRE (11.0.12+7-b1504.28-7817840), built on Oct 13 2021 22:12:33 by "builder" with MS VC++ 14.0 (VS2015)

END.
