#
# There is insufficient memory for the Java Runtime Environment to continue.
# Native memory allocation (mmap) failed to map 134217728 bytes for Failed to commit area from 0x0000000080600000 to 0x0000000088600000 of length 134217728.
# Possible reasons:
#   The system is out of physical RAM or swap space
#   The process is running with CompressedOops enabled, and the Java Heap may be blocking the growth of the native heap
# Possible solutions:
#   Reduce memory load on the system
#   Increase physical memory or swap space
#   Check if swap backing store is full
#   Decrease Java heap size (-Xmx/-Xms)
#   Decrease number of Java threads
#   Decrease Java thread stack sizes (-Xss)
#   Set larger code cache with -XX:ReservedCodeCacheSize=
# This output file may be truncated or incomplete.
#
#  Out of Memory Error (./src/hotspot/os/windows/os_windows.cpp:3521), pid=15492, tid=14156
#
# JRE version:  (11.0.12+7) (build )
# Java VM: OpenJDK 64-Bit Server VM (11.0.12+7-b1504.28-7817840, mixed mode, sharing, tiered, compressed oops, g1 gc, windows-amd64)
# No core dump will be written. Minidumps are not enabled by default on client versions of Windows
#

---------------  S U M M A R Y ------------

Command Line: org.jetbrains.kotlin.cli.jvm.K2JVMCompiler @C:\Users\admin\AndroidStudioProjects\MyApplication2\login\build\20220729_11111927812668354003.compiler.options

Host: Intel(R) Core(TM) i7-3612QM CPU @ 2.10GHz, 8 cores, 7G,  Windows 10 , 64 bit Build 19041 (10.0.19041.1806)
Time: Fri Jul 29 22:14:26 2022 Hora oficial do Brasil elapsed time: 0.064411 seconds (0d 0h 0m 0s)

---------------  T H R E A D  ---------------

Current thread (0x0000013e7606c000):  JavaThread "Unknown thread" [_thread_in_vm, id=14156, stack(0x00000025f5000000,0x00000025f5100000)]

Stack: [0x00000025f5000000,0x00000025f5100000]
Native frames: (J=compiled Java code, j=interpreted, Vv=VM code, C=native code)
V  [jvm.dll+0x5fbcea]
V  [jvm.dll+0x731905]
V  [jvm.dll+0x732f1d]
V  [jvm.dll+0x7335d3]
V  [jvm.dll+0x247bf8]
V  [jvm.dll+0x5f90b4]
V  [jvm.dll+0x5edc85]
V  [jvm.dll+0x305aeb]
V  [jvm.dll+0x305a5a]
V  [jvm.dll+0x305932]
V  [jvm.dll+0x30a896]
V  [jvm.dll+0x353803]
V  [jvm.dll+0x353f06]
V  [jvm.dll+0x353903]
V  [jvm.dll+0x2e0678]
V  [jvm.dll+0x2e1827]
V  [jvm.dll+0x710037]
V  [jvm.dll+0x71182c]
V  [jvm.dll+0x360da9]
V  [jvm.dll+0x6f390e]
V  [jvm.dll+0x3c9723]
V  [jvm.dll+0x3cb9b1]
C  [jli.dll+0x536b]
C  [ucrtbase.dll+0x21bb2]
C  [KERNEL32.DLL+0x17034]
C  [ntdll.dll+0x52651]


---------------  P R O C E S S  ---------------

Threads class SMR info:
_java_thread_list=0x0000013e75f929c0, length=0, elements={
}

Java Threads: ( => current thread )

Other Threads:
  0x0000013e78168000 GCTaskThread "GC Thread#0" [stack: 0x00000025f5100000,0x00000025f5200000] [id=6444]
  0x0000013e7819a000 ConcurrentGCThread "G1 Main Marker" [stack: 0x00000025f5200000,0x00000025f5300000] [id=4404]
  0x0000013e7819c800 ConcurrentGCThread "G1 Conc#0" [stack: 0x00000025f5300000,0x00000025f5400000] [id=18988]

[error occurred during error reporting (printing all threads), id 0xc0000005, EXCEPTION_ACCESS_VIOLATION (0xc0000005) at pc=0x00007ffe85f00be7]

VM state:not at safepoint (not fully initialized)

VM Mutex/Monitor currently owned by a thread:  ([mutex/lock_event])
[0x0000013e78152a20] Heap_lock - owner thread: 0x0000013e7606c000

Heap address: 0x0000000080600000, size: 2042 MB, Compressed Oops mode: Non-zero based: 0x0000000080600000
Narrow klass base: 0x0000000000000000, Narrow klass shift: 0

GC Heap History (0 events):
No events

Deoptimization events (0 events):
No events

Classes redefined (0 events):
No events

Internal exceptions (0 events):
No events

Events (1 events):
Event: 0.041 Loaded shared library C:\Program Files\Android\Android Studio\jre\bin\zip.dll


Dynamic libraries:
0x00007ff6ba2d0000 - 0x00007ff6ba2da000 	C:\Program Files\Android\Android Studio\jre\bin\java.exe
0x00007ffec2b50000 - 0x00007ffec2d48000 	C:\WINDOWS\SYSTEM32\ntdll.dll
0x00007ffebabe0000 - 0x00007ffebabf7000 	C:\Program Files\AVG\Antivirus\aswhook.dll
0x00007ffec2710000 - 0x00007ffec27cd000 	C:\WINDOWS\System32\KERNEL32.DLL
0x00007ffec0580000 - 0x00007ffec084e000 	C:\WINDOWS\System32\KERNELBASE.dll
0x00007ffec0850000 - 0x00007ffec0950000 	C:\WINDOWS\System32\ucrtbase.dll
0x00007ffeb8f20000 - 0x00007ffeb8f37000 	C:\Program Files\Android\Android Studio\jre\bin\VCRUNTIME140.dll
0x00007ffeb8f00000 - 0x00007ffeb8f19000 	C:\Program Files\Android\Android Studio\jre\bin\jli.dll
0x00007ffec1fe0000 - 0x00007ffec2180000 	C:\WINDOWS\System32\USER32.dll
0x00007ffec0b10000 - 0x00007ffec0b32000 	C:\WINDOWS\System32\win32u.dll
0x00007ffec2ae0000 - 0x00007ffec2b0a000 	C:\WINDOWS\System32\GDI32.dll
0x00007ffec0a00000 - 0x00007ffec0b0b000 	C:\WINDOWS\System32\gdi32full.dll
0x00007ffec03d0000 - 0x00007ffec046d000 	C:\WINDOWS\System32\msvcp_win.dll
0x00007ffeb1ee0000 - 0x00007ffeb217a000 	C:\WINDOWS\WinSxS\amd64_microsoft.windows.common-controls_6595b64144ccf1df_6.0.19041.1110_none_60b5254171f9507e\COMCTL32.dll
0x00007ffec27d0000 - 0x00007ffec286e000 	C:\WINDOWS\System32\msvcrt.dll
0x00007ffec2870000 - 0x00007ffec28a0000 	C:\WINDOWS\System32\IMM32.DLL
0x00007ffeb8e10000 - 0x00007ffeb8ead000 	C:\Program Files\Android\Android Studio\jre\bin\msvcp140.dll
0x00007ffe85c10000 - 0x00007ffe866f5000 	C:\Program Files\Android\Android Studio\jre\bin\server\jvm.dll
0x00007ffec1080000 - 0x00007ffec112e000 	C:\WINDOWS\System32\ADVAPI32.dll
0x00007ffec2670000 - 0x00007ffec270c000 	C:\WINDOWS\System32\sechost.dll
0x00007ffec1890000 - 0x00007ffec19b5000 	C:\WINDOWS\System32\RPCRT4.dll
0x00007ffec2660000 - 0x00007ffec2668000 	C:\WINDOWS\System32\PSAPI.DLL
0x00007ffeb7060000 - 0x00007ffeb7087000 	C:\WINDOWS\SYSTEM32\WINMM.dll
0x00007ffeaf4b0000 - 0x00007ffeaf4b9000 	C:\WINDOWS\SYSTEM32\WSOCK32.dll
0x00007ffebf0e0000 - 0x00007ffebf0ea000 	C:\WINDOWS\SYSTEM32\VERSION.dll
0x00007ffec2510000 - 0x00007ffec257b000 	C:\WINDOWS\System32\WS2_32.dll
0x00007ffebf0a0000 - 0x00007ffebf0b2000 	C:\WINDOWS\SYSTEM32\kernel.appcore.dll
0x00007ffebac80000 - 0x00007ffebac91000 	C:\Program Files\Android\Android Studio\jre\bin\verify.dll
0x00007ffeb17b0000 - 0x00007ffeb1994000 	C:\WINDOWS\SYSTEM32\DBGHELP.DLL
0x00007ffeb1780000 - 0x00007ffeb17ac000 	C:\WINDOWS\SYSTEM32\dbgcore.DLL
0x00007ffec04a0000 - 0x00007ffec0522000 	C:\WINDOWS\System32\bcryptPrimitives.dll
0x00007ffeb8c90000 - 0x00007ffeb8cb9000 	C:\Program Files\Android\Android Studio\jre\bin\java.dll
0x00007ffebab70000 - 0x00007ffebab7b000 	C:\Program Files\Android\Android Studio\jre\bin\jimage.dll
0x00007ffeb9160000 - 0x00007ffeb9178000 	C:\Program Files\Android\Android Studio\jre\bin\zip.dll

dbghelp: loaded successfully - version: 4.0.5 - missing functions: none
symbol engine: initialized successfully - sym options: 0x614 - pdb path: .;C:\Program Files\Android\Android Studio\jre\bin;C:\WINDOWS\SYSTEM32;C:\Program Files\AVG\Antivirus;C:\WINDOWS\WinSxS\amd64_microsoft.windows.common-controls_6595b64144ccf1df_6.0.19041.1110_none_60b5254171f9507e;C:\Program Files\Android\Android Studio\jre\bin\server

VM Arguments:
java_command: org.jetbrains.kotlin.cli.jvm.K2JVMCompiler @C:\Users\admin\AndroidStudioProjects\MyApplication2\login\build\20220729_11111927812668354003.compiler.options
java_class_path (initial): C:\Users\admin\.gradle\caches\modules-2\files-2.1\org.jetbrains.kotlin\kotlin-compiler-embeddable\1.7.10\909803167c98606fcf22b4c848647c68e351d48d\kotlin-compiler-embeddable-1.7.10.jar;C:\Users\admin\.gradle\caches\modules-2\files-2.1\org.jetbrains.kotlin\kotlin-reflect\1.7.10\165e600dfea6185cf5efa700756294cc4904dbeb\kotlin-reflect-1.7.10.jar;C:\Users\admin\.gradle\caches\modules-2\files-2.1\org.jetbrains.kotlin\kotlin-stdlib\1.7.10\d2abf9e77736acc4450dc4a3f707fa2c10f5099d\kotlin-stdlib-1.7.10.jar;C:\Users\admin\.gradle\caches\modules-2\files-2.1\org.jetbrains.kotlin\kotlin-script-runtime\1.7.10\c99c87a6988d8fd8d5142e9ed5c9f34a7cf561ee\kotlin-script-runtime-1.7.10.jar;C:\Users\admin\.gradle\caches\modules-2\files-2.1\org.jetbrains.kotlin\kotlin-daemon-embeddable\1.7.10\3a9f7aef7080d3ae63126cbba4f827ed664f32fa\kotlin-daemon-embeddable-1.7.10.jar;C:\Users\admin\.gradle\caches\modules-2\files-2.1\org.jetbrains.intellij.deps\trove4j\1.0.20200330\3afb14d5f9ceb459d724e907a21145e8ff394f02\trove4j-1.0.20200330.jar;C:\Users\admin\.gradle\caches\modules-2\files-2.1\net.java.dev.jna\jna\5.6.0\330f2244e9030119ab3030fc3fededc86713d9cc\jna-5.6.0.jar;C:\Users\admin\.gradle\caches\modules-2\files-2.1\org.jetbrains.kotlin\kotlin-stdlib-common\1.7.10\bac80c520d0a9e3f3673bc2658c6ed02ef45a76a\kotlin-stdlib-common-1.7.10.jar;C:\Users\admin\.gradle\caches\modules-2\files-2.1\org.jetbrains\annotations\13.0\919f0dfe192fb4e063e7dacadee7f8bb9a2672a9\annotations-13.0.jar
Launcher Type: SUN_STANDARD

[Global flags]
     intx CICompilerCount                          = 4                                         {product} {ergonomic}
     uint ConcGCThreads                            = 2                                         {product} {ergonomic}
     uint G1ConcRefinementThreads                  = 8                                         {product} {ergonomic}
   size_t G1HeapRegionSize                         = 1048576                                   {product} {ergonomic}
    uintx GCDrainStackTargetSize                   = 64                                        {product} {ergonomic}
   size_t InitialHeapSize                          = 134217728                                 {product} {ergonomic}
   size_t MarkStackSize                            = 4194304                                   {product} {ergonomic}
   size_t MaxHeapSize                              = 2141192192                                {product} {ergonomic}
   size_t MinHeapDeltaBytes                        = 1048576                                   {product} {ergonomic}
    uintx NonNMethodCodeHeapSize                   = 5836300                                {pd product} {ergonomic}
    uintx NonProfiledCodeHeapSize                  = 122910970                              {pd product} {ergonomic}
    uintx ProfiledCodeHeapSize                     = 122910970                              {pd product} {ergonomic}
    uintx ReservedCodeCacheSize                    = 251658240                              {pd product} {ergonomic}
     bool SegmentedCodeCache                       = true                                      {product} {ergonomic}
     bool UseCompressedClassPointers               = true                                 {lp64_product} {ergonomic}
     bool UseCompressedOops                        = true                                 {lp64_product} {ergonomic}
     bool UseG1GC                                  = true                                      {product} {ergonomic}
     bool UseLargePagesIndividualAllocation        = false                                  {pd product} {ergonomic}

Logging:
Log output configuration:
 #0: stdout all=warning uptime,level,tags
 #1: stderr all=off uptime,level,tags

Environment Variables:
JAVA_HOME=C:\Program Files\Java\jdk1.8.0_271
PATH=C:\Python310\Scripts\;C:\Python310\;C:\Program Files\nodejs;C:\Python39\;C:\Program Files (x86)\Common Files\Oracle\Java\javapath;C:\WINDOWS\system32;C:\WINDOWS;"C:\WINDOWS\System32\Wbem;C:\Program Files\Java\jdk1.8.0_271bin";C:\WINDOWS\System32\WindowsPowerShell\v1.0\;C:\WINDOWS\System32\OpenSSH\;C:\Program Files (x86)\ATI Technologies\ATI.ACE\Core-Static;C:\Program Files\Git\cmd;C:\ProgramData\chocolatey\bin;C:\Program Files\nodejs\;C:\Program Files\Java\jdk-18.0.1\bin;;C:\Program Files\Docker\Docker\resources\bin;C:\ProgramData\DockerDesktop\version-bin;C:\Users\admin\AppData\Local\Microsoft\WindowsApps;C:\Users\admin\AppData\Roaming\npm;C:\Program Files\JetBrains\IntelliJ IDEA 2022.1\bin;;C:\Users\admin\AppData\Local\Programs\Microsoft VS Code\bin;C:\ProgramData\Microsoft\Windows\Start Menu\Programs\Node.js
USERNAME=admin
OS=Windows_NT
PROCESSOR_IDENTIFIER=Intel64 Family 6 Model 58 Stepping 9, GenuineIntel



---------------  S Y S T E M  ---------------

OS: Windows 10 , 64 bit Build 19041 (10.0.19041.1806)
OS uptime: 0 days 2:09 hours
Hyper-V role detected

CPU:total 8 (initial active 8) (4 cores per cpu, 2 threads per core) family 6 model 58 stepping 9 microcode 0x21, cmov, cx8, fxsr, mmx, sse, sse2, sse3, ssse3, sse4.1, sse4.2, popcnt, avx, aes, clmul, erms, ht, tsc, tscinvbit, tscinv

Memory: 4k page, system-wide physical 8162M (680M free)
TotalPageFile size 10082M (AvailPageFile size 72M)
current process WorkingSet (physical memory assigned to process): 10M, peak: 10M
current process commit charge ("private bytes"): 60M, peak: 188M

vm_info: OpenJDK 64-Bit Server VM (11.0.12+7-b1504.28-7817840) for windows-amd64 JRE (11.0.12+7-b1504.28-7817840), built on Oct 13 2021 22:12:33 by "builder" with MS VC++ 14.0 (VS2015)

END.
